{"/home/travis/build/npmtest/node-npmtest-react-motion/test.js":{"path":"/home/travis/build/npmtest/node-npmtest-react-motion/test.js","s":{"1":2,"2":2,"3":2,"4":2,"5":2,"6":2,"7":2,"8":1,"9":2,"10":2,"11":1,"12":1,"13":1,"14":1,"15":2,"16":2,"17":2,"18":2,"19":1,"20":1,"21":2,"22":2,"23":2,"24":1,"25":1,"26":1,"27":1,"28":1,"29":1,"30":1,"31":1,"32":1,"33":1,"34":1,"35":1,"36":1,"37":2,"38":2,"39":1,"40":2,"41":2,"42":1,"43":2,"44":2,"45":1,"46":2,"47":2,"48":1,"49":1,"50":1,"51":1,"52":1},"b":{"1":[2,1,1,1],"2":[1,1,1,1],"3":[1,1],"4":[1,1],"5":[1,1],"6":[1,1],"7":[1,1],"8":[1,1],"9":[1,1,1],"10":[1,1],"11":[1,1],"12":[1,1],"13":[1,1],"14":[1,1],"15":[1,1],"16":[1,1]},"f":{"1":2,"2":2,"3":2,"4":2,"5":2,"6":1,"7":1,"8":2,"9":2,"10":2,"11":2,"12":1},"fnMap":{"1":{"name":"(anonymous_1)","line":12,"loc":{"start":{"line":12,"column":1},"end":{"line":12,"column":13}}},"2":{"name":"(anonymous_2)","line":19,"loc":{"start":{"line":19,"column":5},"end":{"line":19,"column":17}}},"3":{"name":"(anonymous_3)","line":23,"loc":{"start":{"line":23,"column":24},"end":{"line":23,"column":36}}},"4":{"name":"(anonymous_4)","line":61,"loc":{"start":{"line":61,"column":5},"end":{"line":61,"column":17}}},"5":{"name":"(anonymous_5)","line":82,"loc":{"start":{"line":82,"column":5},"end":{"line":82,"column":17}}},"6":{"name":"(anonymous_6)","line":102,"loc":{"start":{"line":102,"column":83},"end":{"line":105,"column":10}},"skip":true},"7":{"name":"(anonymous_7)","line":113,"loc":{"start":{"line":113,"column":77},"end":{"line":116,"column":10}},"skip":true},"8":{"name":"(anonymous_8)","line":129,"loc":{"start":{"line":129,"column":12},"end":{"line":129,"column":40}},"skip":true},"9":{"name":"(anonymous_9)","line":137,"loc":{"start":{"line":137,"column":77},"end":{"line":140,"column":10}},"skip":true},"10":{"name":"(anonymous_10)","line":148,"loc":{"start":{"line":148,"column":83},"end":{"line":151,"column":10}},"skip":true},"11":{"name":"(anonymous_11)","line":159,"loc":{"start":{"line":159,"column":79},"end":{"line":162,"column":10}},"skip":true},"12":{"name":"(anonymous_12)","line":170,"loc":{"start":{"line":170,"column":75},"end":{"line":173,"column":10}},"skip":true}},"statementMap":{"1":{"start":{"line":12,"column":0},"end":{"line":185,"column":5}},"2":{"start":{"line":14,"column":4},"end":{"line":14,"column":14}},"3":{"start":{"line":19,"column":4},"end":{"line":56,"column":9}},"4":{"start":{"line":21,"column":8},"end":{"line":21,"column":19}},"5":{"start":{"line":23,"column":8},"end":{"line":35,"column":13}},"6":{"start":{"line":24,"column":12},"end":{"line":34,"column":13}},"7":{"start":{"line":25,"column":16},"end":{"line":28,"column":30}},"8":{"start":{"line":30,"column":16},"end":{"line":33,"column":27}},"9":{"start":{"line":37,"column":8},"end":{"line":39,"column":21}},"10":{"start":{"line":40,"column":8},"end":{"line":53,"column":9}},"11":{"start":{"line":43,"column":12},"end":{"line":46,"column":14}},"12":{"start":{"line":47,"column":12},"end":{"line":47,"column":18}},"13":{"start":{"line":50,"column":12},"end":{"line":51,"column":46}},"14":{"start":{"line":52,"column":12},"end":{"line":52,"column":18}},"15":{"start":{"line":55,"column":8},"end":{"line":55,"column":35}},"16":{"start":{"line":61,"column":4},"end":{"line":63,"column":9}},"17":{"start":{"line":62,"column":8},"end":{"line":62,"column":15}},"18":{"start":{"line":64,"column":4},"end":{"line":77,"column":5}},"19":{"start":{"line":70,"column":8},"end":{"line":70,"column":14}},"20":{"start":{"line":76,"column":8},"end":{"line":76,"column":14}},"21":{"start":{"line":82,"column":4},"end":{"line":84,"column":9}},"22":{"start":{"line":83,"column":8},"end":{"line":83,"column":15}},"23":{"start":{"line":85,"column":4},"end":{"line":184,"column":5}},"24":{"start":{"line":92,"column":8},"end":{"line":94,"column":63}},"25":{"start":{"line":95,"column":8},"end":{"line":95,"column":14}},"26":{"start":{"line":102,"column":8},"end":{"line":111,"column":10},"skip":true},"27":{"start":{"line":109,"column":12},"end":{"line":109,"column":55},"skip":true},"28":{"start":{"line":110,"column":12},"end":{"line":110,"column":48},"skip":true},"29":{"start":{"line":113,"column":8},"end":{"line":126,"column":10},"skip":true},"30":{"start":{"line":120,"column":12},"end":{"line":120,"column":76},"skip":true},"31":{"start":{"line":121,"column":12},"end":{"line":121,"column":73},"skip":true},"32":{"start":{"line":122,"column":12},"end":{"line":122,"column":74},"skip":true},"33":{"start":{"line":123,"column":12},"end":{"line":123,"column":79},"skip":true},"34":{"start":{"line":124,"column":12},"end":{"line":124,"column":25},"skip":true},"35":{"start":{"line":125,"column":12},"end":{"line":125,"column":45},"skip":true},"36":{"start":{"line":128,"column":8},"end":{"line":135,"column":14},"skip":true},"37":{"start":{"line":133,"column":16},"end":{"line":133,"column":29},"skip":true},"38":{"start":{"line":134,"column":16},"end":{"line":134,"column":55},"skip":true},"39":{"start":{"line":137,"column":8},"end":{"line":146,"column":10},"skip":true},"40":{"start":{"line":144,"column":12},"end":{"line":144,"column":25},"skip":true},"41":{"start":{"line":145,"column":12},"end":{"line":145,"column":45},"skip":true},"42":{"start":{"line":148,"column":8},"end":{"line":157,"column":10},"skip":true},"43":{"start":{"line":155,"column":12},"end":{"line":155,"column":25},"skip":true},"44":{"start":{"line":156,"column":12},"end":{"line":156,"column":48},"skip":true},"45":{"start":{"line":159,"column":8},"end":{"line":168,"column":10},"skip":true},"46":{"start":{"line":166,"column":12},"end":{"line":166,"column":25},"skip":true},"47":{"start":{"line":167,"column":12},"end":{"line":167,"column":46},"skip":true},"48":{"start":{"line":170,"column":8},"end":{"line":179,"column":10},"skip":true},"49":{"start":{"line":177,"column":12},"end":{"line":177,"column":94},"skip":true},"50":{"start":{"line":178,"column":12},"end":{"line":178,"column":48},"skip":true},"51":{"start":{"line":182,"column":8},"end":{"line":182,"column":35},"skip":true},"52":{"start":{"line":183,"column":8},"end":{"line":183,"column":14},"skip":true}},"branchMap":{"1":{"line":25,"type":"binary-expr","locations":[{"start":{"line":25,"column":23},"end":{"line":25,"column":62}},{"start":{"line":26,"column":20},"end":{"line":26,"column":70}},{"start":{"line":27,"column":20},"end":{"line":27,"column":71}},{"start":{"line":28,"column":20},"end":{"line":28,"column":29}}]},"2":{"line":30,"type":"binary-expr","locations":[{"start":{"line":30,"column":23},"end":{"line":30,"column":37}},{"start":{"line":31,"column":20},"end":{"line":31,"column":61}},{"start":{"line":32,"column":20},"end":{"line":32,"column":70}},{"start":{"line":33,"column":20},"end":{"line":33,"column":26}}]},"3":{"line":37,"type":"cond-expr","locations":[{"start":{"line":38,"column":14},"end":{"line":38,"column":20}},{"start":{"line":39,"column":14},"end":{"line":39,"column":20}}]},"4":{"line":40,"type":"switch","locations":[{"start":{"line":42,"column":8},"end":{"line":47,"column":18}},{"start":{"line":49,"column":8},"end":{"line":52,"column":18}}]},"5":{"line":44,"type":"binary-expr","locations":[{"start":{"line":44,"column":16},"end":{"line":44,"column":44}},{"start":{"line":44,"column":48},"end":{"line":44,"column":66}}]},"6":{"line":50,"type":"binary-expr","locations":[{"start":{"line":50,"column":21},"end":{"line":50,"column":49}},{"start":{"line":50,"column":53},"end":{"line":50,"column":72}}]},"7":{"line":64,"type":"switch","locations":[{"start":{"line":69,"column":4},"end":{"line":70,"column":14}},{"start":{"line":75,"column":4},"end":{"line":76,"column":14}}]},"8":{"line":85,"type":"switch","locations":[{"start":{"line":90,"column":4},"end":{"line":95,"column":14}},{"start":{"line":101,"column":4},"end":{"line":183,"column":14},"skip":true}]},"9":{"line":92,"type":"binary-expr","locations":[{"start":{"line":92,"column":18},"end":{"line":92,"column":32}},{"start":{"line":93,"column":12},"end":{"line":93,"column":53}},{"start":{"line":94,"column":12},"end":{"line":94,"column":61}}]},"10":{"line":102,"type":"binary-expr","locations":[{"start":{"line":102,"column":45},"end":{"line":102,"column":79},"skip":true},{"start":{"line":102,"column":83},"end":{"line":111,"column":9},"skip":true}]},"11":{"line":113,"type":"binary-expr","locations":[{"start":{"line":113,"column":42},"end":{"line":113,"column":73},"skip":true},{"start":{"line":113,"column":77},"end":{"line":126,"column":9},"skip":true}]},"12":{"line":128,"type":"binary-expr","locations":[{"start":{"line":128,"column":48},"end":{"line":128,"column":85},"skip":true},{"start":{"line":129,"column":12},"end":{"line":135,"column":13},"skip":true}]},"13":{"line":137,"type":"binary-expr","locations":[{"start":{"line":137,"column":42},"end":{"line":137,"column":73},"skip":true},{"start":{"line":137,"column":77},"end":{"line":146,"column":9},"skip":true}]},"14":{"line":148,"type":"binary-expr","locations":[{"start":{"line":148,"column":45},"end":{"line":148,"column":79},"skip":true},{"start":{"line":148,"column":83},"end":{"line":157,"column":9},"skip":true}]},"15":{"line":159,"type":"binary-expr","locations":[{"start":{"line":159,"column":43},"end":{"line":159,"column":75},"skip":true},{"start":{"line":159,"column":79},"end":{"line":168,"column":9},"skip":true}]},"16":{"line":170,"type":"binary-expr","locations":[{"start":{"line":170,"column":41},"end":{"line":170,"column":71},"skip":true},{"start":{"line":170,"column":75},"end":{"line":179,"column":9},"skip":true}]}},"code":["/* istanbul instrument in package npmtest_react_motion */","/*jslint","    bitwise: true,","    browser: true,","    maxerr: 8,","    maxlen: 96,","    node: true,","    nomen: true,","    regexp: true,","    stupid: true","*/","(function () {","    'use strict';","    var local;","","","","    // run shared js-env code - pre-init","    (function () {","        // init local","        local = {};","        // init modeJs","        local.modeJs = (function () {","            try {","                return typeof navigator.userAgent === 'string' &&","                    typeof document.querySelector('body') === 'object' &&","                    typeof XMLHttpRequest.prototype.open === 'function' &&","                    'browser';","            } catch (errorCaughtBrowser) {","                return module.exports &&","                    typeof process.versions.node === 'string' &&","                    typeof require('http').createServer === 'function' &&","                    'node';","            }","        }());","        // init global","        local.global = local.modeJs === 'browser'","            ? window","            : global;","        switch (local.modeJs) {","        // re-init local from window.local","        case 'browser':","            local = local.global.utility2.objectSetDefault(","                local.global.utility2_rollup || local.global.local,","                local.global.utility2","            );","            break;","        // re-init local from example.js","        case 'node':","            local = (local.global.utility2_rollup || require('utility2'))","                .requireExampleJsFromReadme();","            break;","        }","        // export local","        local.global.local = local;","    }());","","","","    // run shared js-env code - function","    (function () {","        return;","    }());","    switch (local.modeJs) {","","","","    // run browser js-env code - function","    case 'browser':","        break;","","","","    // run node js-env code - function","    case 'node':","        break;","    }","","","","    // run shared js-env code - post-init","    (function () {","        return;","    }());","    switch (local.modeJs) {","","","","    // run browser js-env code - post-init","    case 'browser':","        // run tests","        local.nop(local.modeTest &&","            document.querySelector('#testRunButton1') &&","            document.querySelector('#testRunButton1').click());","        break;","","","","    // run node js-env code - post-init","    /* istanbul ignore next */","    case 'node':","        local.testCase_buildApidoc_default = local.testCase_buildApidoc_default || function (","            options,","            onError","        ) {","        /*","         * this function will test buildApidoc's default handling-behavior-behavior","         */","            options = { modulePathList: module.paths };","            local.buildApidoc(options, onError);","        };","","        local.testCase_buildApp_default = local.testCase_buildApp_default || function (","            options,","            onError","        ) {","        /*","         * this function will test buildApp's default handling-behavior-behavior","         */","            local.testCase_buildReadme_default(options, local.onErrorThrow);","            local.testCase_buildLib_default(options, local.onErrorThrow);","            local.testCase_buildTest_default(options, local.onErrorThrow);","            local.testCase_buildCustomOrg_default(options, local.onErrorThrow);","            options = [];","            local.buildApp(options, onError);","        };","","        local.testCase_buildCustomOrg_default = local.testCase_buildCustomOrg_default ||","            function (options, onError) {","            /*","             * this function will test buildCustomOrg's default handling-behavior","             */","                options = {};","                local.buildCustomOrg(options, onError);","            };","","        local.testCase_buildLib_default = local.testCase_buildLib_default || function (","            options,","            onError","        ) {","        /*","         * this function will test buildLib's default handling-behavior","         */","            options = {};","            local.buildLib(options, onError);","        };","","        local.testCase_buildReadme_default = local.testCase_buildReadme_default || function (","            options,","            onError","        ) {","        /*","         * this function will test buildReadme's default handling-behavior-behavior","         */","            options = {};","            local.buildReadme(options, onError);","        };","","        local.testCase_buildTest_default = local.testCase_buildTest_default || function (","            options,","            onError","        ) {","        /*","         * this function will test buildTest's default handling-behavior","         */","            options = {};","            local.buildTest(options, onError);","        };","","        local.testCase_webpage_default = local.testCase_webpage_default || function (","            options,","            onError","        ) {","        /*","         * this function will test webpage's default handling-behavior","         */","            options = { modeCoverageMerge: true, url: local.serverLocalHost + '?modeTest=1' };","            local.browserTest(options, onError);","        };","","        // run test-server","        local.testRunServer(local);","        break;","    }","}());",""],"l":{"12":2,"14":2,"19":2,"21":2,"23":2,"24":2,"25":2,"30":1,"37":2,"40":2,"43":1,"47":1,"50":1,"52":1,"55":2,"61":2,"62":2,"64":2,"70":1,"76":1,"82":2,"83":2,"85":2,"92":1,"95":1,"102":1,"109":1,"110":1,"113":1,"120":1,"121":1,"122":1,"123":1,"124":1,"125":1,"128":1,"133":2,"134":2,"137":1,"144":2,"145":2,"148":1,"155":2,"156":2,"159":1,"166":2,"167":2,"170":1,"177":1,"178":1,"182":1,"183":1}},"/home/travis/build/npmtest/node-npmtest-react-motion/lib.npmtest_react_motion.js":{"path":"/home/travis/build/npmtest/node-npmtest-react-motion/lib.npmtest_react_motion.js","s":{"1":2,"2":2,"3":2,"4":2,"5":2,"6":2,"7":2,"8":1,"9":2,"10":2,"11":2,"12":2,"13":1,"14":1,"15":1,"16":1},"b":{"1":[2,1,1,1],"2":[1,1,1,1],"3":[1,1],"4":[2,2],"5":[1,1]},"f":{"1":2,"2":2,"3":2},"fnMap":{"1":{"name":"(anonymous_1)","line":12,"loc":{"start":{"line":12,"column":1},"end":{"line":12,"column":13}}},"2":{"name":"(anonymous_2)","line":19,"loc":{"start":{"line":19,"column":5},"end":{"line":19,"column":17}}},"3":{"name":"(anonymous_3)","line":23,"loc":{"start":{"line":23,"column":24},"end":{"line":23,"column":36}}}},"statementMap":{"1":{"start":{"line":12,"column":0},"end":{"line":53,"column":5}},"2":{"start":{"line":14,"column":4},"end":{"line":14,"column":14}},"3":{"start":{"line":19,"column":4},"end":{"line":52,"column":9}},"4":{"start":{"line":21,"column":8},"end":{"line":21,"column":19}},"5":{"start":{"line":23,"column":8},"end":{"line":35,"column":13}},"6":{"start":{"line":24,"column":12},"end":{"line":34,"column":13}},"7":{"start":{"line":25,"column":16},"end":{"line":28,"column":30}},"8":{"start":{"line":30,"column":16},"end":{"line":33,"column":27}},"9":{"start":{"line":37,"column":8},"end":{"line":39,"column":21}},"10":{"start":{"line":41,"column":8},"end":{"line":41,"column":54}},"11":{"start":{"line":43,"column":8},"end":{"line":43,"column":57}},"12":{"start":{"line":45,"column":8},"end":{"line":51,"column":9}},"13":{"start":{"line":46,"column":12},"end":{"line":46,"column":63}},"14":{"start":{"line":48,"column":12},"end":{"line":48,"column":35}},"15":{"start":{"line":49,"column":12},"end":{"line":49,"column":49}},"16":{"start":{"line":50,"column":12},"end":{"line":50,"column":43}}},"branchMap":{"1":{"line":25,"type":"binary-expr","locations":[{"start":{"line":25,"column":23},"end":{"line":25,"column":62}},{"start":{"line":26,"column":20},"end":{"line":26,"column":70}},{"start":{"line":27,"column":20},"end":{"line":27,"column":71}},{"start":{"line":28,"column":20},"end":{"line":28,"column":29}}]},"2":{"line":30,"type":"binary-expr","locations":[{"start":{"line":30,"column":23},"end":{"line":30,"column":37}},{"start":{"line":31,"column":20},"end":{"line":31,"column":61}},{"start":{"line":32,"column":20},"end":{"line":32,"column":70}},{"start":{"line":33,"column":20},"end":{"line":33,"column":26}}]},"3":{"line":37,"type":"cond-expr","locations":[{"start":{"line":38,"column":14},"end":{"line":38,"column":20}},{"start":{"line":39,"column":14},"end":{"line":39,"column":20}}]},"4":{"line":41,"type":"binary-expr","locations":[{"start":{"line":41,"column":16},"end":{"line":41,"column":44}},{"start":{"line":41,"column":48},"end":{"line":41,"column":53}}]},"5":{"line":45,"type":"if","locations":[{"start":{"line":45,"column":8},"end":{"line":45,"column":8}},{"start":{"line":45,"column":8},"end":{"line":45,"column":8}}]}},"code":["/* istanbul instrument in package npmtest_react_motion */","/*jslint","    bitwise: true,","    browser: true,","    maxerr: 8,","    maxlen: 96,","    node: true,","    nomen: true,","    regexp: true,","    stupid: true","*/","(function () {","    'use strict';","    var local;","","","","    // run shared js-env code - pre-init","    (function () {","        // init local","        local = {};","        // init modeJs","        local.modeJs = (function () {","            try {","                return typeof navigator.userAgent === 'string' &&","                    typeof document.querySelector('body') === 'object' &&","                    typeof XMLHttpRequest.prototype.open === 'function' &&","                    'browser';","            } catch (errorCaughtBrowser) {","                return module.exports &&","                    typeof process.versions.node === 'string' &&","                    typeof require('http').createServer === 'function' &&","                    'node';","            }","        }());","        // init global","        local.global = local.modeJs === 'browser'","            ? window","            : global;","        // init utility2_rollup","        local = local.global.utility2_rollup || local;","        // init lib","        local.local = local.npmtest_react_motion = local;","        // init exports","        if (local.modeJs === 'browser') {","            local.global.utility2_npmtest_react_motion = local;","        } else {","            module.exports = local;","            module.exports.__dirname = __dirname;","            module.exports.module = module;","        }","    }());","}());",""],"l":{"12":2,"14":2,"19":2,"21":2,"23":2,"24":2,"25":2,"30":1,"37":2,"41":2,"43":2,"45":2,"46":1,"48":1,"49":1,"50":1}},"/home/travis/build/npmtest/node-npmtest-react-motion/example.js":{"path":"/home/travis/build/npmtest/node-npmtest-react-motion/example.js","s":{"1":2,"2":2,"3":2,"4":2,"5":2,"6":2,"7":2,"8":1,"9":2,"10":2,"11":2,"12":2,"13":1,"14":2,"15":2,"16":2,"17":2,"18":2,"19":0,"20":2,"21":1,"22":1,"23":1,"24":1,"25":1,"26":0,"27":0,"28":1,"29":1,"30":2,"31":0,"32":0,"33":0,"34":1,"35":2,"36":2,"37":2,"38":2,"39":2,"40":2,"41":0,"42":2,"43":2,"44":2,"45":1,"46":3,"47":1,"48":1,"49":1,"50":1,"51":1,"52":1,"53":1,"54":1,"55":1,"56":1,"57":0,"58":1,"59":6,"60":6,"61":1,"62":2,"63":0,"64":2,"65":1,"66":1,"67":0,"68":0,"69":0,"70":0,"71":0,"72":0,"73":0,"74":0,"75":0,"76":0,"77":0,"78":0,"79":0,"80":0,"81":0,"82":0,"83":0},"b":{"1":[2,1,1,1],"2":[1,1,1,1],"3":[1,1],"4":[2,2],"5":[1,1],"6":[1,1],"7":[2,0],"8":[2,1,1,1,1,1],"9":[0,2,0],"10":[1,1],"11":[2,1,1],"12":[1,0],"13":[0,2],"14":[2,0,0,0,0,0,0],"15":[0,2],"16":[2,0],"17":[1,1],"18":[0,1],"19":[1,2,0,2],"20":[1,0],"21":[1,1],"22":[0,0],"23":[0,0],"24":[0,0],"25":[0,0],"26":[0,0],"27":[0,0],"28":[0,0]},"f":{"1":2,"2":2,"3":2,"4":2,"5":2,"6":2,"7":2,"8":2,"9":3,"10":1,"11":6,"12":0},"fnMap":{"1":{"name":"(anonymous_1)","line":26,"loc":{"start":{"line":26,"column":1},"end":{"line":26,"column":13}}},"2":{"name":"(anonymous_2)","line":33,"loc":{"start":{"line":33,"column":5},"end":{"line":33,"column":17}}},"3":{"name":"(anonymous_3)","line":37,"loc":{"start":{"line":37,"column":24},"end":{"line":37,"column":36}}},"4":{"name":"(anonymous_4)","line":69,"loc":{"start":{"line":69,"column":31},"end":{"line":69,"column":48}},"skip":true},"5":{"name":"(anonymous_5)","line":78,"loc":{"start":{"line":78,"column":26},"end":{"line":78,"column":45}},"skip":true},"6":{"name":"(anonymous_6)","line":123,"loc":{"start":{"line":123,"column":33},"end":{"line":123,"column":48}},"skip":true},"7":{"name":"(anonymous_7)","line":125,"loc":{"start":{"line":125,"column":27},"end":{"line":125,"column":39}},"skip":true},"8":{"name":"(anonymous_8)","line":133,"loc":{"start":{"line":133,"column":59},"end":{"line":133,"column":74}},"skip":true},"9":{"name":"(anonymous_9)","line":143,"loc":{"start":{"line":143,"column":45},"end":{"line":143,"column":62}},"skip":true},"10":{"name":"(anonymous_10)","line":144,"loc":{"start":{"line":144,"column":73},"end":{"line":144,"column":92}},"skip":true},"11":{"name":"(anonymous_11)","line":272,"loc":{"start":{"line":272,"column":51},"end":{"line":272,"column":77}},"skip":true},"12":{"name":"(anonymous_12)","line":314,"loc":{"start":{"line":314,"column":32},"end":{"line":314,"column":61}},"skip":true}},"statementMap":{"1":{"start":{"line":26,"column":0},"end":{"line":325,"column":5}},"2":{"start":{"line":28,"column":4},"end":{"line":28,"column":14}},"3":{"start":{"line":33,"column":4},"end":{"line":60,"column":9}},"4":{"start":{"line":35,"column":8},"end":{"line":35,"column":19}},"5":{"start":{"line":37,"column":8},"end":{"line":49,"column":13}},"6":{"start":{"line":38,"column":12},"end":{"line":48,"column":13}},"7":{"start":{"line":39,"column":16},"end":{"line":42,"column":30}},"8":{"start":{"line":44,"column":16},"end":{"line":47,"column":27}},"9":{"start":{"line":51,"column":8},"end":{"line":53,"column":21}},"10":{"start":{"line":55,"column":8},"end":{"line":57,"column":45}},"11":{"start":{"line":59,"column":8},"end":{"line":59,"column":35}},"12":{"start":{"line":61,"column":4},"end":{"line":324,"column":5}},"13":{"start":{"line":69,"column":8},"end":{"line":121,"column":10},"skip":true},"14":{"start":{"line":70,"column":12},"end":{"line":88,"column":13},"skip":true},"15":{"start":{"line":76,"column":16},"end":{"line":87,"column":19},"skip":true},"16":{"start":{"line":79,"column":20},"end":{"line":86,"column":21},"skip":true},"17":{"start":{"line":82,"column":24},"end":{"line":82,"column":43},"skip":true},"18":{"start":{"line":83,"column":24},"end":{"line":83,"column":30},"skip":true},"19":{"start":{"line":85,"column":24},"end":{"line":85,"column":49},"skip":true},"20":{"start":{"line":89,"column":12},"end":{"line":107,"column":13},"skip":true},"21":{"start":{"line":92,"column":16},"end":{"line":102,"column":17},"skip":true},"22":{"start":{"line":93,"column":20},"end":{"line":93,"column":86},"skip":true},"23":{"start":{"line":94,"column":20},"end":{"line":95,"column":45},"skip":true},"24":{"start":{"line":96,"column":20},"end":{"line":96,"column":42},"skip":true},"25":{"start":{"line":97,"column":20},"end":{"line":97,"column":48},"skip":true},"26":{"start":{"line":100,"column":20},"end":{"line":100,"column":85},"skip":true},"27":{"start":{"line":101,"column":20},"end":{"line":101,"column":96},"skip":true},"28":{"start":{"line":103,"column":16},"end":{"line":103,"column":22},"skip":true},"29":{"start":{"line":106,"column":16},"end":{"line":106,"column":22},"skip":true},"30":{"start":{"line":108,"column":12},"end":{"line":120,"column":13},"skip":true},"31":{"start":{"line":114,"column":16},"end":{"line":119,"column":17},"skip":true},"32":{"start":{"line":116,"column":20},"end":{"line":116,"column":78},"skip":true},"33":{"start":{"line":118,"column":20},"end":{"line":118,"column":53},"skip":true},"34":{"start":{"line":123,"column":8},"end":{"line":141,"column":11},"skip":true},"35":{"start":{"line":124,"column":12},"end":{"line":124,"column":54},"skip":true},"36":{"start":{"line":125,"column":12},"end":{"line":140,"column":14},"skip":true},"37":{"start":{"line":126,"column":16},"end":{"line":126,"column":28},"skip":true},"38":{"start":{"line":127,"column":16},"end":{"line":127,"column":69},"skip":true},"39":{"start":{"line":128,"column":16},"end":{"line":128,"column":75},"skip":true},"40":{"start":{"line":129,"column":16},"end":{"line":131,"column":17},"skip":true},"41":{"start":{"line":130,"column":20},"end":{"line":130,"column":27},"skip":true},"42":{"start":{"line":133,"column":16},"end":{"line":137,"column":36},"skip":true},"43":{"start":{"line":134,"column":20},"end":{"line":136,"column":55},"skip":true},"44":{"start":{"line":139,"column":16},"end":{"line":139,"column":57},"skip":true},"45":{"start":{"line":143,"column":8},"end":{"line":147,"column":11},"skip":true},"46":{"start":{"line":144,"column":12},"end":{"line":146,"column":15},"skip":true},"47":{"start":{"line":145,"column":16},"end":{"line":145,"column":70},"skip":true},"48":{"start":{"line":149,"column":8},"end":{"line":149,"column":31},"skip":true},"49":{"start":{"line":150,"column":8},"end":{"line":150,"column":14},"skip":true},"50":{"start":{"line":158,"column":8},"end":{"line":158,"column":31},"skip":true},"51":{"start":{"line":160,"column":8},"end":{"line":160,"column":33},"skip":true},"52":{"start":{"line":161,"column":8},"end":{"line":161,"column":37},"skip":true},"53":{"start":{"line":162,"column":8},"end":{"line":162,"column":35},"skip":true},"54":{"start":{"line":164,"column":8},"end":{"line":164,"column":50},"skip":true},"55":{"start":{"line":166,"column":8},"end":{"line":256,"column":2},"skip":true},"56":{"start":{"line":258,"column":8},"end":{"line":286,"column":9},"skip":true},"57":{"start":{"line":259,"column":12},"end":{"line":269,"column":14},"skip":true},"58":{"start":{"line":271,"column":12},"end":{"line":285,"column":19},"skip":true},"59":{"start":{"line":274,"column":20},"end":{"line":274,"column":35},"skip":true},"60":{"start":{"line":275,"column":20},"end":{"line":284,"column":21},"skip":true},"61":{"start":{"line":277,"column":24},"end":{"line":277,"column":64},"skip":true},"62":{"start":{"line":279,"column":24},"end":{"line":279,"column":40},"skip":true},"63":{"start":{"line":281,"column":24},"end":{"line":281,"column":40},"skip":true},"64":{"start":{"line":283,"column":24},"end":{"line":283,"column":39},"skip":true},"65":{"start":{"line":288,"column":8},"end":{"line":290,"column":9},"skip":true},"66":{"start":{"line":289,"column":12},"end":{"line":289,"column":18},"skip":true},"67":{"start":{"line":291,"column":8},"end":{"line":293,"column":54},"skip":true},"68":{"start":{"line":294,"column":8},"end":{"line":301,"column":37},"skip":true},"69":{"start":{"line":302,"column":8},"end":{"line":302,"column":82},"skip":true},"70":{"start":{"line":305,"column":8},"end":{"line":307,"column":9},"skip":true},"71":{"start":{"line":306,"column":12},"end":{"line":306,"column":82},"skip":true},"72":{"start":{"line":309,"column":8},"end":{"line":311,"column":9},"skip":true},"73":{"start":{"line":310,"column":12},"end":{"line":310,"column":18},"skip":true},"74":{"start":{"line":312,"column":8},"end":{"line":312,"column":54},"skip":true},"75":{"start":{"line":313,"column":8},"end":{"line":313,"column":69},"skip":true},"76":{"start":{"line":314,"column":8},"end":{"line":322,"column":36},"skip":true},"77":{"start":{"line":315,"column":12},"end":{"line":315,"column":61},"skip":true},"78":{"start":{"line":316,"column":12},"end":{"line":319,"column":13},"skip":true},"79":{"start":{"line":317,"column":16},"end":{"line":317,"column":75},"skip":true},"80":{"start":{"line":318,"column":16},"end":{"line":318,"column":23},"skip":true},"81":{"start":{"line":320,"column":12},"end":{"line":320,"column":38},"skip":true},"82":{"start":{"line":321,"column":12},"end":{"line":321,"column":27},"skip":true},"83":{"start":{"line":323,"column":8},"end":{"line":323,"column":14},"skip":true}},"branchMap":{"1":{"line":39,"type":"binary-expr","locations":[{"start":{"line":39,"column":23},"end":{"line":39,"column":62}},{"start":{"line":40,"column":20},"end":{"line":40,"column":70}},{"start":{"line":41,"column":20},"end":{"line":41,"column":71}},{"start":{"line":42,"column":20},"end":{"line":42,"column":29}}]},"2":{"line":44,"type":"binary-expr","locations":[{"start":{"line":44,"column":23},"end":{"line":44,"column":37}},{"start":{"line":45,"column":20},"end":{"line":45,"column":61}},{"start":{"line":46,"column":20},"end":{"line":46,"column":70}},{"start":{"line":47,"column":20},"end":{"line":47,"column":26}}]},"3":{"line":51,"type":"cond-expr","locations":[{"start":{"line":52,"column":14},"end":{"line":52,"column":20}},{"start":{"line":53,"column":14},"end":{"line":53,"column":20}}]},"4":{"line":55,"type":"binary-expr","locations":[{"start":{"line":55,"column":16},"end":{"line":55,"column":44}},{"start":{"line":55,"column":49},"end":{"line":57,"column":43}}]},"5":{"line":55,"type":"cond-expr","locations":[{"start":{"line":56,"column":14},"end":{"line":56,"column":56}},{"start":{"line":57,"column":14},"end":{"line":57,"column":43}}]},"6":{"line":61,"type":"switch","locations":[{"start":{"line":68,"column":4},"end":{"line":150,"column":14},"skip":true},{"start":{"line":156,"column":4},"end":{"line":323,"column":14},"skip":true}]},"7":{"line":70,"type":"if","locations":[{"start":{"line":70,"column":12},"end":{"line":70,"column":12},"skip":true},{"start":{"line":70,"column":12},"end":{"line":70,"column":12},"skip":true}]},"8":{"line":70,"type":"binary-expr","locations":[{"start":{"line":70,"column":16},"end":{"line":70,"column":22},"skip":true},{"start":{"line":70,"column":27},"end":{"line":70,"column":32},"skip":true},{"start":{"line":71,"column":20},"end":{"line":71,"column":39},"skip":true},{"start":{"line":72,"column":20},"end":{"line":72,"column":49},"skip":true},{"start":{"line":73,"column":20},"end":{"line":73,"column":58},"skip":true},{"start":{"line":74,"column":20},"end":{"line":74,"column":69},"skip":true}]},"9":{"line":79,"type":"switch","locations":[{"start":{"line":80,"column":20},"end":{"line":80,"column":33},"skip":true},{"start":{"line":81,"column":20},"end":{"line":83,"column":30},"skip":true},{"start":{"line":84,"column":20},"end":{"line":85,"column":49},"skip":true}]},"10":{"line":89,"type":"switch","locations":[{"start":{"line":90,"column":12},"end":{"line":103,"column":22},"skip":true},{"start":{"line":105,"column":12},"end":{"line":106,"column":22},"skip":true}]},"11":{"line":89,"type":"binary-expr","locations":[{"start":{"line":89,"column":20},"end":{"line":89,"column":25},"skip":true},{"start":{"line":89,"column":29},"end":{"line":89,"column":48},"skip":true},{"start":{"line":89,"column":52},"end":{"line":89,"column":74},"skip":true}]},"12":{"line":92,"type":"if","locations":[{"start":{"line":92,"column":16},"end":{"line":92,"column":16},"skip":true},{"start":{"line":92,"column":16},"end":{"line":92,"column":16},"skip":true}]},"13":{"line":108,"type":"if","locations":[{"start":{"line":108,"column":12},"end":{"line":108,"column":12},"skip":true},{"start":{"line":108,"column":12},"end":{"line":108,"column":12},"skip":true}]},"14":{"line":108,"type":"binary-expr","locations":[{"start":{"line":108,"column":16},"end":{"line":108,"column":61},"skip":true},{"start":{"line":108,"column":66},"end":{"line":108,"column":72},"skip":true},{"start":{"line":108,"column":77},"end":{"line":108,"column":82},"skip":true},{"start":{"line":109,"column":20},"end":{"line":109,"column":39},"skip":true},{"start":{"line":110,"column":20},"end":{"line":110,"column":49},"skip":true},{"start":{"line":111,"column":20},"end":{"line":111,"column":58},"skip":true},{"start":{"line":112,"column":20},"end":{"line":112,"column":68},"skip":true}]},"15":{"line":129,"type":"if","locations":[{"start":{"line":129,"column":16},"end":{"line":129,"column":16},"skip":true},{"start":{"line":129,"column":16},"end":{"line":129,"column":16},"skip":true}]},"16":{"line":134,"type":"cond-expr","locations":[{"start":{"line":135,"column":26},"end":{"line":135,"column":29},"skip":true},{"start":{"line":136,"column":26},"end":{"line":136,"column":54},"skip":true}]},"17":{"line":164,"type":"binary-expr","locations":[{"start":{"line":164,"column":27},"end":{"line":164,"column":43},"skip":true},{"start":{"line":164,"column":47},"end":{"line":164,"column":49},"skip":true}]},"18":{"line":258,"type":"if","locations":[{"start":{"line":258,"column":8},"end":{"line":258,"column":8},"skip":true},{"start":{"line":258,"column":8},"end":{"line":258,"column":8},"skip":true}]},"19":{"line":275,"type":"switch","locations":[{"start":{"line":276,"column":20},"end":{"line":277,"column":64},"skip":true},{"start":{"line":278,"column":20},"end":{"line":279,"column":40},"skip":true},{"start":{"line":280,"column":20},"end":{"line":281,"column":40},"skip":true},{"start":{"line":282,"column":20},"end":{"line":283,"column":39},"skip":true}]},"20":{"line":288,"type":"if","locations":[{"start":{"line":288,"column":8},"end":{"line":288,"column":8},"skip":true},{"start":{"line":288,"column":8},"end":{"line":288,"column":8},"skip":true}]},"21":{"line":288,"type":"binary-expr","locations":[{"start":{"line":288,"column":12},"end":{"line":288,"column":40},"skip":true},{"start":{"line":288,"column":44},"end":{"line":288,"column":67},"skip":true}]},"22":{"line":292,"type":"binary-expr","locations":[{"start":{"line":292,"column":12},"end":{"line":292,"column":50},"skip":true},{"start":{"line":293,"column":12},"end":{"line":293,"column":53},"skip":true}]},"23":{"line":295,"type":"binary-expr","locations":[{"start":{"line":295,"column":12},"end":{"line":295,"column":70},"skip":true},{"start":{"line":296,"column":12},"end":{"line":301,"column":36},"skip":true}]},"24":{"line":302,"type":"binary-expr","locations":[{"start":{"line":302,"column":43},"end":{"line":302,"column":75},"skip":true},{"start":{"line":302,"column":79},"end":{"line":302,"column":81},"skip":true}]},"25":{"line":305,"type":"if","locations":[{"start":{"line":305,"column":8},"end":{"line":305,"column":8},"skip":true},{"start":{"line":305,"column":8},"end":{"line":305,"column":8},"skip":true}]},"26":{"line":309,"type":"if","locations":[{"start":{"line":309,"column":8},"end":{"line":309,"column":8},"skip":true},{"start":{"line":309,"column":8},"end":{"line":309,"column":8},"skip":true}]},"27":{"line":312,"type":"binary-expr","locations":[{"start":{"line":312,"column":27},"end":{"line":312,"column":43},"skip":true},{"start":{"line":312,"column":47},"end":{"line":312,"column":53},"skip":true}]},"28":{"line":316,"type":"if","locations":[{"start":{"line":316,"column":12},"end":{"line":316,"column":12},"skip":true},{"start":{"line":316,"column":12},"end":{"line":316,"column":12},"skip":true}]}},"code":["/*","example.js","","quickstart example","","instruction","    1. save this script as example.js","    2. run the shell command:","        $ npm install npmtest-react-motion && PORT=8081 node example.js","    3. play with the browser-demo on http://127.0.0.1:8081","*/","","","","/* istanbul instrument in package npmtest_react_motion */","/*jslint","    bitwise: true,","    browser: true,","    maxerr: 8,","    maxlen: 96,","    node: true,","    nomen: true,","    regexp: true,","    stupid: true","*/","(function () {","    'use strict';","    var local;","","","","    // run shared js-env code - pre-init","    (function () {","        // init local","        local = {};","        // init modeJs","        local.modeJs = (function () {","            try {","                return typeof navigator.userAgent === 'string' &&","                    typeof document.querySelector('body') === 'object' &&","                    typeof XMLHttpRequest.prototype.open === 'function' &&","                    'browser';","            } catch (errorCaughtBrowser) {","                return module.exports &&","                    typeof process.versions.node === 'string' &&","                    typeof require('http').createServer === 'function' &&","                    'node';","            }","        }());","        // init global","        local.global = local.modeJs === 'browser'","            ? window","            : global;","        // init utility2_rollup","        local = local.global.utility2_rollup || (local.modeJs === 'browser'","            ? local.global.utility2_npmtest_react_motion","            : global.utility2_moduleExports);","        // export local","        local.global.local = local;","    }());","    switch (local.modeJs) {","","","","    // post-init","    // run browser js-env code - post-init","    /* istanbul ignore next */","    case 'browser':","        local.testRunBrowser = function (event) {","            if (!event || (event &&","                    event.currentTarget &&","                    event.currentTarget.className &&","                    event.currentTarget.className.includes &&","                    event.currentTarget.className.includes('onreset'))) {","                // reset output","                Array.from(","                    document.querySelectorAll('body > .resettable')","                ).forEach(function (element) {","                    switch (element.tagName) {","                    case 'INPUT':","                    case 'TEXTAREA':","                        element.value = '';","                        break;","                    default:","                        element.textContent = '';","                    }","                });","            }","            switch (event && event.currentTarget && event.currentTarget.id) {","            case 'testRunButton1':","                // show tests","                if (document.querySelector('#testReportDiv1').style.display === 'none') {","                    document.querySelector('#testReportDiv1').style.display = 'block';","                    document.querySelector('#testRunButton1').textContent =","                        'hide internal test';","                    local.modeTest = true;","                    local.testRunDefault(local);","                // hide tests","                } else {","                    document.querySelector('#testReportDiv1').style.display = 'none';","                    document.querySelector('#testRunButton1').textContent = 'run internal test';","                }","                break;","            // custom-case","            default:","                break;","            }","            if (document.querySelector('#inputTextareaEval1') && (!event || (event &&","                    event.currentTarget &&","                    event.currentTarget.className &&","                    event.currentTarget.className.includes &&","                    event.currentTarget.className.includes('oneval')))) {","                // try to eval input-code","                try {","                    /*jslint evil: true*/","                    eval(document.querySelector('#inputTextareaEval1').value);","                } catch (errorCaught) {","                    console.error(errorCaught.stack);","                }","            }","        };","        // log stderr and stdout to #outputTextareaStdout1","        ['error', 'log'].forEach(function (key) {","            console[key + '_original'] = console[key];","            console[key] = function () {","                var element;","                console[key + '_original'].apply(console, arguments);","                element = document.querySelector('#outputTextareaStdout1');","                if (!element) {","                    return;","                }","                // append text to #outputTextareaStdout1","                element.value += Array.from(arguments).map(function (arg) {","                    return typeof arg === 'string'","                        ? arg","                        : JSON.stringify(arg, null, 4);","                }).join(' ') + '\\n';","                // scroll textarea to bottom","                element.scrollTop = element.scrollHeight;","            };","        });","        // init event-handling","        ['change', 'click', 'keyup'].forEach(function (event) {","            Array.from(document.querySelectorAll('.on' + event)).forEach(function (element) {","                element.addEventListener(event, local.testRunBrowser);","            });","        });","        // run tests","        local.testRunBrowser();","        break;","","","","    // run node js-env code - post-init","    /* istanbul ignore next */","    case 'node':","        // export local","        module.exports = local;","        // require modules","        local.fs = require('fs');","        local.http = require('http');","        local.url = require('url');","        // init assets","        local.assetsDict = local.assetsDict || {};","        /* jslint-ignore-begin */","        local.assetsDict['/assets.index.template.html'] = '\\","<!doctype html>\\n\\","<html lang=\"en\">\\n\\","<head>\\n\\","<meta charset=\"UTF-8\">\\n\\","<meta name=\"viewport\" content=\"width=device-width, initial-scale=1\">\\n\\","<title>{{env.npm_package_name}} (v{{env.npm_package_version}})</title>\\n\\","<style>\\n\\","/*csslint\\n\\","    box-sizing: false,\\n\\","    universal-selector: false\\n\\","*/\\n\\","* {\\n\\","    box-sizing: border-box;\\n\\","}\\n\\","body {\\n\\","    background: #dde;\\n\\","    font-family: Arial, Helvetica, sans-serif;\\n\\","    margin: 2rem;\\n\\","}\\n\\","body > * {\\n\\","    margin-bottom: 1rem;\\n\\","}\\n\\",".utility2FooterDiv {\\n\\","    margin-top: 20px;\\n\\","    text-align: center;\\n\\","}\\n\\","</style>\\n\\","<style>\\n\\","/*csslint\\n\\","*/\\n\\","textarea {\\n\\","    font-family: monospace;\\n\\","    height: 10rem;\\n\\","    width: 100%;\\n\\","}\\n\\","textarea[readonly] {\\n\\","    background: #ddd;\\n\\","}\\n\\","</style>\\n\\","</head>\\n\\","<body>\\n\\","<!-- utility2-comment\\n\\","<div id=\"ajaxProgressDiv1\" style=\"background: #d00; height: 2px; left: 0; margin: 0; padding: 0; position: fixed; top: 0; transition: background 0.5s, width 1.5s; width: 25%;\"></div>\\n\\","utility2-comment -->\\n\\","<h1>\\n\\","<!-- utility2-comment\\n\\","    <a\\n\\","        {{#if env.npm_package_homepage}}\\n\\","        href=\"{{env.npm_package_homepage}}\"\\n\\","        {{/if env.npm_package_homepage}}\\n\\","        target=\"_blank\"\\n\\","    >\\n\\","utility2-comment -->\\n\\","        {{env.npm_package_name}} (v{{env.npm_package_version}})\\n\\","<!-- utility2-comment\\n\\","    </a>\\n\\","utility2-comment -->\\n\\","</h1>\\n\\","<h3>{{env.npm_package_description}}</h3>\\n\\","<!-- utility2-comment\\n\\","<h4><a download href=\"assets.app.js\">download standalone app</a></h4>\\n\\","<button class=\"onclick onreset\" id=\"testRunButton1\">run internal test</button><br>\\n\\","<div id=\"testReportDiv1\" style=\"display: none;\"></div>\\n\\","utility2-comment -->\\n\\","\\n\\","\\n\\","\\n\\","<label>stderr and stdout</label>\\n\\","<textarea class=\"resettable\" id=\"outputTextareaStdout1\" readonly></textarea>\\n\\","<!-- utility2-comment\\n\\","{{#if isRollup}}\\n\\","<script src=\"assets.app.js\"></script>\\n\\","{{#unless isRollup}}\\n\\","utility2-comment -->\\n\\","<script src=\"assets.utility2.rollup.js\"></script>\\n\\","<script src=\"jsonp.utility2._stateInit?callback=window.utility2._stateInit\"></script>\\n\\","<script src=\"assets.npmtest_react_motion.rollup.js\"></script>\\n\\","<script src=\"assets.example.js\"></script>\\n\\","<script src=\"assets.test.js\"></script>\\n\\","<!-- utility2-comment\\n\\","{{/if isRollup}}\\n\\","utility2-comment -->\\n\\","<div class=\"utility2FooterDiv\">\\n\\","    [ this app was created with\\n\\","    <a href=\"https://github.com/kaizhu256/node-utility2\" target=\"_blank\">utility2</a>\\n\\","    ]\\n\\","</div>\\n\\","</body>\\n\\","</html>\\n\\","';","        /* jslint-ignore-end */","        if (local.templateRender) {","            local.assetsDict['/'] = local.templateRender(","                local.assetsDict['/assets.index.template.html'],","                {","                    env: local.objectSetDefault(local.env, {","                        npm_package_description: 'the greatest app in the world!',","                        npm_package_name: 'my-app',","                        npm_package_nameAlias: 'my_app',","                        npm_package_version: '0.0.1'","                    })","                }","            );","        } else {","            local.assetsDict['/'] = local.assetsDict['/assets.index.template.html']","                .replace((/\\{\\{env\\.(\\w+?)\\}\\}/g), function (match0, match1) {","                    // jslint-hack","                    String(match0);","                    switch (match1) {","                    case 'npm_package_description':","                        return 'the greatest app in the world!';","                    case 'npm_package_name':","                        return 'my-app';","                    case 'npm_package_nameAlias':","                        return 'my_app';","                    case 'npm_package_version':","                        return '0.0.1';","                    }","                });","        }","        // run the cli","        if (local.global.utility2_rollup || module !== require.main) {","            break;","        }","        local.assetsDict['/assets.example.js'] =","            local.assetsDict['/assets.example.js'] ||","            local.fs.readFileSync(__filename, 'utf8');","        local.assetsDict['/assets.npmtest_react_motion.rollup.js'] =","            local.assetsDict['/assets.npmtest_react_motion.rollup.js'] ||","            local.fs.readFileSync(","                // buildCustomOrg-hack","                local.npmtest_react_motion.__dirname +","                    '/lib.npmtest_react_motion.js',","                'utf8'","            ).replace((/^#!/), '//');","        local.assetsDict['/favicon.ico'] = local.assetsDict['/favicon.ico'] || '';","        // if $npm_config_timeout_exit exists,","        // then exit this process after $npm_config_timeout_exit ms","        if (Number(process.env.npm_config_timeout_exit)) {","            setTimeout(process.exit, Number(process.env.npm_config_timeout_exit));","        }","        // start server","        if (local.global.utility2_serverHttp1) {","            break;","        }","        process.env.PORT = process.env.PORT || '8081';","        console.error('server starting on port ' + process.env.PORT);","        local.http.createServer(function (request, response) {","            request.urlParsed = local.url.parse(request.url);","            if (local.assetsDict[request.urlParsed.pathname] !== undefined) {","                response.end(local.assetsDict[request.urlParsed.pathname]);","                return;","            }","            response.statusCode = 404;","            response.end();","        }).listen(process.env.PORT);","        break;","    }","}());",""],"l":{"26":2,"28":2,"33":2,"35":2,"37":2,"38":2,"39":2,"44":1,"51":2,"55":2,"59":2,"61":2,"69":1,"70":2,"76":2,"79":2,"82":2,"83":2,"85":1,"89":2,"92":1,"93":1,"94":1,"96":1,"97":1,"100":1,"101":1,"103":1,"106":1,"108":2,"114":1,"116":1,"118":1,"123":1,"124":2,"125":2,"126":2,"127":2,"128":2,"129":2,"130":1,"133":2,"134":2,"139":2,"143":1,"144":3,"145":1,"149":1,"150":1,"158":1,"160":1,"161":1,"162":1,"164":1,"166":1,"258":1,"259":1,"271":1,"274":6,"275":6,"277":1,"279":2,"281":1,"283":2,"288":1,"289":1,"291":1,"294":1,"302":1,"305":1,"306":1,"309":1,"310":1,"312":1,"313":1,"314":1,"315":1,"316":1,"317":1,"318":1,"320":1,"321":1,"323":1}},"/home/travis/build/npmtest/node-npmtest-react-motion/react-motion/lib/react-motion.js":{"path":"/home/travis/build/npmtest/node-npmtest-react-motion/react-motion/lib/react-motion.js","s":{"1":1,"2":1,"3":6,"4":1,"5":1,"6":1,"7":1,"8":1,"9":1,"10":1,"11":1,"12":1,"13":1,"14":1,"15":1},"b":{"1":[0,6],"2":[6,6]},"f":{"1":6},"fnMap":{"1":{"name":"_interopRequire","line":5,"loc":{"start":{"line":5,"column":0},"end":{"line":5,"column":30}}}},"statementMap":{"1":{"start":{"line":3,"column":0},"end":{"line":3,"column":26}},"2":{"start":{"line":5,"column":0},"end":{"line":5,"column":86}},"3":{"start":{"line":5,"column":32},"end":{"line":5,"column":84}},"4":{"start":{"line":7,"column":0},"end":{"line":7,"column":34}},"5":{"start":{"line":9,"column":0},"end":{"line":9,"column":42}},"6":{"start":{"line":11,"column":0},"end":{"line":11,"column":52}},"7":{"start":{"line":13,"column":0},"end":{"line":13,"column":60}},"8":{"start":{"line":15,"column":0},"end":{"line":15,"column":54}},"9":{"start":{"line":17,"column":0},"end":{"line":17,"column":62}},"10":{"start":{"line":19,"column":0},"end":{"line":19,"column":34}},"11":{"start":{"line":21,"column":0},"end":{"line":21,"column":42}},"12":{"start":{"line":23,"column":0},"end":{"line":23,"column":36}},"13":{"start":{"line":25,"column":0},"end":{"line":25,"column":44}},"14":{"start":{"line":29,"column":0},"end":{"line":29,"column":44}},"15":{"start":{"line":31,"column":0},"end":{"line":31,"column":52}}},"branchMap":{"1":{"line":5,"type":"cond-expr","locations":[{"start":{"line":5,"column":63},"end":{"line":5,"column":77}},{"start":{"line":5,"column":80},"end":{"line":5,"column":83}}]},"2":{"line":5,"type":"binary-expr","locations":[{"start":{"line":5,"column":39},"end":{"line":5,"column":42}},{"start":{"line":5,"column":46},"end":{"line":5,"column":60}}]}},"code":["'use strict';","","exports.__esModule = true;","","function _interopRequire(obj) { return obj && obj.__esModule ? obj['default'] : obj; }","","var _Motion = require('./Motion');","","exports.Motion = _interopRequire(_Motion);","","var _StaggeredMotion = require('./StaggeredMotion');","","exports.StaggeredMotion = _interopRequire(_StaggeredMotion);","","var _TransitionMotion = require('./TransitionMotion');","","exports.TransitionMotion = _interopRequire(_TransitionMotion);","","var _spring = require('./spring');","","exports.spring = _interopRequire(_spring);","","var _presets = require('./presets');","","exports.presets = _interopRequire(_presets);","","// deprecated, dummy warning function","","var _reorderKeys = require('./reorderKeys');","","exports.reorderKeys = _interopRequire(_reorderKeys);"],"l":{"3":1,"5":6,"7":1,"9":1,"11":1,"13":1,"15":1,"17":1,"19":1,"21":1,"23":1,"25":1,"29":1,"31":1}},"/home/travis/build/npmtest/node-npmtest-react-motion/react-motion/lib/Motion.js":{"path":"/home/travis/build/npmtest/node-npmtest-react-motion/react-motion/lib/Motion.js","s":{"1":1,"2":1,"3":0,"4":0,"5":0,"6":0,"7":0,"8":0,"9":1,"10":7,"11":1,"12":1,"13":1,"14":1,"15":1,"16":1,"17":1,"18":1,"19":1,"20":1,"21":1,"22":1,"23":1,"24":1,"25":1,"26":1,"27":0,"28":0,"29":0,"30":0,"31":0,"32":0,"33":0,"34":0,"35":0,"36":0,"37":0,"38":0,"39":0,"40":0,"41":0,"42":0,"43":0,"44":0,"45":0,"46":0,"47":0,"48":0,"49":0,"50":0,"51":0,"52":0,"53":0,"54":0,"55":0,"56":0,"57":0,"58":0,"59":0,"60":0,"61":0,"62":0,"63":0,"64":0,"65":0,"66":0,"67":0,"68":0,"69":0,"70":0,"71":0,"72":0,"73":0,"74":0,"75":0,"76":0,"77":0,"78":0,"79":0,"80":0,"81":0,"82":0,"83":0,"84":0,"85":0,"86":0,"87":0,"88":0,"89":0,"90":0,"91":0,"92":0,"93":0,"94":0,"95":0,"96":0,"97":0,"98":0,"99":0,"100":0,"101":0,"102":0,"103":0,"104":0,"105":0,"106":0,"107":0,"108":0,"109":0,"110":0,"111":0,"112":0,"113":0,"114":0,"115":0,"116":0,"117":0,"118":0,"119":0,"120":0,"121":0,"122":0,"123":1,"124":1},"b":{"1":[1,0],"2":[0,0],"3":[0,7],"4":[7,7],"5":[0,0],"6":[0,0],"7":[0,0],"8":[0,0],"9":[0,0],"10":[0,0],"11":[0,0],"12":[0,0],"13":[0,0],"14":[0,0],"15":[0,0],"16":[0,0],"17":[0,0],"18":[0,0],"19":[0,0],"20":[0,0],"21":[0,0]},"f":{"1":0,"2":7,"3":0,"4":0,"5":0,"6":0,"7":0,"8":0,"9":0,"10":0},"fnMap":{"1":{"name":"(anonymous_1)","line":5,"loc":{"start":{"line":5,"column":32},"end":{"line":5,"column":50}}},"2":{"name":"_interopRequireDefault","line":7,"loc":{"start":{"line":7,"column":0},"end":{"line":7,"column":37}}},"3":{"name":"getInitialState","line":50,"loc":{"start":{"line":50,"column":19},"end":{"line":50,"column":46}}},"4":{"name":"clearUnreadPropStyle","line":78,"loc":{"start":{"line":78,"column":24},"end":{"line":78,"column":65}}},"5":{"name":"startAnimationIfNecessary","line":113,"loc":{"start":{"line":113,"column":29},"end":{"line":113,"column":66}}},"6":{"name":"(anonymous_6)","line":118,"loc":{"start":{"line":118,"column":40},"end":{"line":118,"column":61}}},"7":{"name":"componentDidMount","line":209,"loc":{"start":{"line":209,"column":21},"end":{"line":209,"column":50}}},"8":{"name":"componentWillReceiveProps","line":214,"loc":{"start":{"line":214,"column":29},"end":{"line":214,"column":71}}},"9":{"name":"componentWillUnmount","line":227,"loc":{"start":{"line":227,"column":24},"end":{"line":227,"column":56}}},"10":{"name":"render","line":234,"loc":{"start":{"line":234,"column":10},"end":{"line":234,"column":28}}}},"statementMap":{"1":{"start":{"line":3,"column":0},"end":{"line":3,"column":26}},"2":{"start":{"line":5,"column":0},"end":{"line":5,"column":257}},"3":{"start":{"line":5,"column":52},"end":{"line":5,"column":239}},"4":{"start":{"line":5,"column":97},"end":{"line":5,"column":123}},"5":{"start":{"line":5,"column":124},"end":{"line":5,"column":237}},"6":{"start":{"line":5,"column":150},"end":{"line":5,"column":235}},"7":{"start":{"line":5,"column":207},"end":{"line":5,"column":233}},"8":{"start":{"line":5,"column":240},"end":{"line":5,"column":254}},"9":{"start":{"line":7,"column":0},"end":{"line":7,"column":97}},"10":{"start":{"line":7,"column":39},"end":{"line":7,"column":95}},"11":{"start":{"line":9,"column":0},"end":{"line":9,"column":40}},"12":{"start":{"line":11,"column":0},"end":{"line":11,"column":53}},"13":{"start":{"line":13,"column":0},"end":{"line":13,"column":42}},"14":{"start":{"line":15,"column":0},"end":{"line":15,"column":55}},"15":{"start":{"line":17,"column":0},"end":{"line":17,"column":37}},"16":{"start":{"line":19,"column":0},"end":{"line":19,"column":50}},"17":{"start":{"line":21,"column":0},"end":{"line":21,"column":49}},"18":{"start":{"line":23,"column":0},"end":{"line":23,"column":63}},"19":{"start":{"line":25,"column":0},"end":{"line":25,"column":26}},"20":{"start":{"line":27,"column":0},"end":{"line":27,"column":41}},"21":{"start":{"line":29,"column":0},"end":{"line":29,"column":60}},"22":{"start":{"line":31,"column":0},"end":{"line":31,"column":73}},"23":{"start":{"line":33,"column":0},"end":{"line":33,"column":30}},"24":{"start":{"line":35,"column":0},"end":{"line":35,"column":45}},"25":{"start":{"line":37,"column":0},"end":{"line":37,"column":27}},"26":{"start":{"line":39,"column":0},"end":{"line":238,"column":3}},"27":{"start":{"line":51,"column":4},"end":{"line":51,"column":28}},"28":{"start":{"line":52,"column":4},"end":{"line":52,"column":43}},"29":{"start":{"line":53,"column":4},"end":{"line":53,"column":29}},"30":{"start":{"line":55,"column":4},"end":{"line":55,"column":70}},"31":{"start":{"line":56,"column":4},"end":{"line":56,"column":63}},"32":{"start":{"line":57,"column":4},"end":{"line":62,"column":6}},"33":{"start":{"line":79,"column":4},"end":{"line":79,"column":22}},"34":{"start":{"line":80,"column":4},"end":{"line":80,"column":28}},"35":{"start":{"line":81,"column":4},"end":{"line":81,"column":43}},"36":{"start":{"line":82,"column":4},"end":{"line":82,"column":49}},"37":{"start":{"line":83,"column":4},"end":{"line":83,"column":47}},"38":{"start":{"line":84,"column":4},"end":{"line":84,"column":53}},"39":{"start":{"line":86,"column":4},"end":{"line":106,"column":5}},"40":{"start":{"line":87,"column":6},"end":{"line":89,"column":7}},"41":{"start":{"line":88,"column":8},"end":{"line":88,"column":17}},"42":{"start":{"line":91,"column":6},"end":{"line":91,"column":38}},"43":{"start":{"line":92,"column":6},"end":{"line":105,"column":7}},"44":{"start":{"line":93,"column":8},"end":{"line":99,"column":9}},"45":{"start":{"line":94,"column":10},"end":{"line":94,"column":23}},"46":{"start":{"line":95,"column":10},"end":{"line":95,"column":52}},"47":{"start":{"line":96,"column":10},"end":{"line":96,"column":58}},"48":{"start":{"line":97,"column":10},"end":{"line":97,"column":56}},"49":{"start":{"line":98,"column":10},"end":{"line":98,"column":62}},"50":{"start":{"line":101,"column":8},"end":{"line":101,"column":39}},"51":{"start":{"line":102,"column":8},"end":{"line":102,"column":33}},"52":{"start":{"line":103,"column":8},"end":{"line":103,"column":41}},"53":{"start":{"line":104,"column":8},"end":{"line":104,"column":35}},"54":{"start":{"line":108,"column":4},"end":{"line":110,"column":5}},"55":{"start":{"line":109,"column":6},"end":{"line":109,"column":156}},"56":{"start":{"line":114,"column":4},"end":{"line":114,"column":21}},"57":{"start":{"line":118,"column":4},"end":{"line":206,"column":7}},"58":{"start":{"line":120,"column":6},"end":{"line":120,"column":41}},"59":{"start":{"line":121,"column":6},"end":{"line":131,"column":7}},"60":{"start":{"line":122,"column":8},"end":{"line":124,"column":9}},"61":{"start":{"line":123,"column":10},"end":{"line":123,"column":31}},"62":{"start":{"line":127,"column":8},"end":{"line":127,"column":33}},"63":{"start":{"line":128,"column":8},"end":{"line":128,"column":35}},"64":{"start":{"line":129,"column":8},"end":{"line":129,"column":34}},"65":{"start":{"line":130,"column":8},"end":{"line":130,"column":15}},"66":{"start":{"line":133,"column":6},"end":{"line":133,"column":32}},"67":{"start":{"line":135,"column":6},"end":{"line":135,"column":67}},"68":{"start":{"line":136,"column":6},"end":{"line":136,"column":51}},"69":{"start":{"line":137,"column":6},"end":{"line":137,"column":35}},"70":{"start":{"line":138,"column":6},"end":{"line":138,"column":64}},"71":{"start":{"line":140,"column":6},"end":{"line":142,"column":7}},"72":{"start":{"line":141,"column":8},"end":{"line":141,"column":34}},"73":{"start":{"line":144,"column":6},"end":{"line":149,"column":7}},"74":{"start":{"line":146,"column":8},"end":{"line":146,"column":33}},"75":{"start":{"line":147,"column":8},"end":{"line":147,"column":42}},"76":{"start":{"line":148,"column":8},"end":{"line":148,"column":15}},"77":{"start":{"line":151,"column":6},"end":{"line":151,"column":134}},"78":{"start":{"line":152,"column":6},"end":{"line":152,"column":75}},"79":{"start":{"line":154,"column":6},"end":{"line":154,"column":33}},"80":{"start":{"line":155,"column":6},"end":{"line":155,"column":36}},"81":{"start":{"line":156,"column":6},"end":{"line":156,"column":31}},"82":{"start":{"line":157,"column":6},"end":{"line":157,"column":34}},"83":{"start":{"line":159,"column":6},"end":{"line":190,"column":7}},"84":{"start":{"line":160,"column":8},"end":{"line":162,"column":9}},"85":{"start":{"line":161,"column":10},"end":{"line":161,"column":19}},"86":{"start":{"line":164,"column":8},"end":{"line":164,"column":41}},"87":{"start":{"line":165,"column":8},"end":{"line":189,"column":9}},"88":{"start":{"line":166,"column":10},"end":{"line":166,"column":44}},"89":{"start":{"line":167,"column":10},"end":{"line":167,"column":38}},"90":{"start":{"line":168,"column":10},"end":{"line":168,"column":46}},"91":{"start":{"line":169,"column":10},"end":{"line":169,"column":40}},"92":{"start":{"line":171,"column":10},"end":{"line":171,"column":71}},"93":{"start":{"line":172,"column":10},"end":{"line":172,"column":77}},"94":{"start":{"line":173,"column":10},"end":{"line":178,"column":11}},"95":{"start":{"line":174,"column":12},"end":{"line":174,"column":198}},"96":{"start":{"line":176,"column":12},"end":{"line":176,"column":49}},"97":{"start":{"line":177,"column":12},"end":{"line":177,"column":52}},"98":{"start":{"line":180,"column":10},"end":{"line":180,"column":197}},"99":{"start":{"line":182,"column":10},"end":{"line":182,"column":40}},"100":{"start":{"line":183,"column":10},"end":{"line":183,"column":40}},"101":{"start":{"line":185,"column":10},"end":{"line":185,"column":121}},"102":{"start":{"line":186,"column":10},"end":{"line":186,"column":130}},"103":{"start":{"line":187,"column":10},"end":{"line":187,"column":58}},"104":{"start":{"line":188,"column":10},"end":{"line":188,"column":64}},"105":{"start":{"line":192,"column":6},"end":{"line":192,"column":31}},"106":{"start":{"line":194,"column":6},"end":{"line":194,"column":60}},"107":{"start":{"line":196,"column":6},"end":{"line":201,"column":9}},"108":{"start":{"line":203,"column":6},"end":{"line":203,"column":35}},"109":{"start":{"line":205,"column":6},"end":{"line":205,"column":40}},"110":{"start":{"line":210,"column":4},"end":{"line":210,"column":50}},"111":{"start":{"line":211,"column":4},"end":{"line":211,"column":37}},"112":{"start":{"line":215,"column":4},"end":{"line":218,"column":5}},"113":{"start":{"line":217,"column":6},"end":{"line":217,"column":54}},"114":{"start":{"line":220,"column":4},"end":{"line":220,"column":39}},"115":{"start":{"line":221,"column":4},"end":{"line":224,"column":5}},"116":{"start":{"line":222,"column":6},"end":{"line":222,"column":52}},"117":{"start":{"line":223,"column":6},"end":{"line":223,"column":39}},"118":{"start":{"line":228,"column":4},"end":{"line":231,"column":5}},"119":{"start":{"line":229,"column":6},"end":{"line":229,"column":48}},"120":{"start":{"line":230,"column":6},"end":{"line":230,"column":30}},"121":{"start":{"line":235,"column":4},"end":{"line":235,"column":72}},"122":{"start":{"line":236,"column":4},"end":{"line":236,"column":82}},"123":{"start":{"line":240,"column":0},"end":{"line":240,"column":28}},"124":{"start":{"line":241,"column":0},"end":{"line":241,"column":36}}},"branchMap":{"1":{"line":5,"type":"binary-expr","locations":[{"start":{"line":5,"column":15},"end":{"line":5,"column":28}},{"start":{"line":5,"column":32},"end":{"line":5,"column":256}}]},"2":{"line":5,"type":"if","locations":[{"start":{"line":5,"column":150},"end":{"line":5,"column":150}},{"start":{"line":5,"column":150},"end":{"line":5,"column":150}}]},"3":{"line":7,"type":"cond-expr","locations":[{"start":{"line":7,"column":70},"end":{"line":7,"column":73}},{"start":{"line":7,"column":76},"end":{"line":7,"column":94}}]},"4":{"line":7,"type":"binary-expr","locations":[{"start":{"line":7,"column":46},"end":{"line":7,"column":49}},{"start":{"line":7,"column":53},"end":{"line":7,"column":67}}]},"5":{"line":55,"type":"binary-expr","locations":[{"start":{"line":55,"column":23},"end":{"line":55,"column":35}},{"start":{"line":55,"column":39},"end":{"line":55,"column":69}}]},"6":{"line":87,"type":"if","locations":[{"start":{"line":87,"column":6},"end":{"line":87,"column":6}},{"start":{"line":87,"column":6},"end":{"line":87,"column":6}}]},"7":{"line":92,"type":"if","locations":[{"start":{"line":92,"column":6},"end":{"line":92,"column":6}},{"start":{"line":92,"column":6},"end":{"line":92,"column":6}}]},"8":{"line":93,"type":"if","locations":[{"start":{"line":93,"column":8},"end":{"line":93,"column":8}},{"start":{"line":93,"column":8},"end":{"line":93,"column":8}}]},"9":{"line":108,"type":"if","locations":[{"start":{"line":108,"column":4},"end":{"line":108,"column":4}},{"start":{"line":108,"column":4},"end":{"line":108,"column":4}}]},"10":{"line":121,"type":"if","locations":[{"start":{"line":121,"column":6},"end":{"line":121,"column":6}},{"start":{"line":121,"column":6},"end":{"line":121,"column":6}}]},"11":{"line":122,"type":"if","locations":[{"start":{"line":122,"column":8},"end":{"line":122,"column":8}},{"start":{"line":122,"column":8},"end":{"line":122,"column":8}}]},"12":{"line":122,"type":"binary-expr","locations":[{"start":{"line":122,"column":12},"end":{"line":122,"column":30}},{"start":{"line":122,"column":34},"end":{"line":122,"column":52}}]},"13":{"line":135,"type":"binary-expr","locations":[{"start":{"line":135,"column":24},"end":{"line":135,"column":33}},{"start":{"line":135,"column":37},"end":{"line":135,"column":66}}]},"14":{"line":140,"type":"if","locations":[{"start":{"line":140,"column":6},"end":{"line":140,"column":6}},{"start":{"line":140,"column":6},"end":{"line":140,"column":6}}]},"15":{"line":144,"type":"if","locations":[{"start":{"line":144,"column":6},"end":{"line":144,"column":6}},{"start":{"line":144,"column":6},"end":{"line":144,"column":6}}]},"16":{"line":160,"type":"if","locations":[{"start":{"line":160,"column":8},"end":{"line":160,"column":8}},{"start":{"line":160,"column":8},"end":{"line":160,"column":8}}]},"17":{"line":165,"type":"if","locations":[{"start":{"line":165,"column":8},"end":{"line":165,"column":8}},{"start":{"line":165,"column":8},"end":{"line":165,"column":8}}]},"18":{"line":215,"type":"if","locations":[{"start":{"line":215,"column":4},"end":{"line":215,"column":4}},{"start":{"line":215,"column":4},"end":{"line":215,"column":4}}]},"19":{"line":221,"type":"if","locations":[{"start":{"line":221,"column":4},"end":{"line":221,"column":4}},{"start":{"line":221,"column":4},"end":{"line":221,"column":4}}]},"20":{"line":228,"type":"if","locations":[{"start":{"line":228,"column":4},"end":{"line":228,"column":4}},{"start":{"line":228,"column":4},"end":{"line":228,"column":4}}]},"21":{"line":236,"type":"binary-expr","locations":[{"start":{"line":236,"column":11},"end":{"line":236,"column":27}},{"start":{"line":236,"column":31},"end":{"line":236,"column":81}}]}},"code":["'use strict';","","exports.__esModule = true;","","var _extends = Object.assign || function (target) { for (var i = 1; i < arguments.length; i++) { var source = arguments[i]; for (var key in source) { if (Object.prototype.hasOwnProperty.call(source, key)) { target[key] = source[key]; } } } return target; };","","function _interopRequireDefault(obj) { return obj && obj.__esModule ? obj : { 'default': obj }; }","","var _mapToZero = require('./mapToZero');","","var _mapToZero2 = _interopRequireDefault(_mapToZero);","","var _stripStyle = require('./stripStyle');","","var _stripStyle2 = _interopRequireDefault(_stripStyle);","","var _stepper3 = require('./stepper');","","var _stepper4 = _interopRequireDefault(_stepper3);","","var _performanceNow = require('performance-now');","","var _performanceNow2 = _interopRequireDefault(_performanceNow);","","var _raf = require('raf');","","var _raf2 = _interopRequireDefault(_raf);","","var _shouldStopAnimation = require('./shouldStopAnimation');","","var _shouldStopAnimation2 = _interopRequireDefault(_shouldStopAnimation);","","var _react = require('react');","","var _react2 = _interopRequireDefault(_react);","","var msPerFrame = 1000 / 60;","","var Motion = _react2['default'].createClass({","  displayName: 'Motion',","","  propTypes: {","    // TOOD: warn against putting a config in here","    defaultStyle: _react.PropTypes.objectOf(_react.PropTypes.number),","    style: _react.PropTypes.objectOf(_react.PropTypes.oneOfType([_react.PropTypes.number, _react.PropTypes.object])).isRequired,","    children: _react.PropTypes.func.isRequired,","    onRest: _react.PropTypes.func","  },","","  getInitialState: function getInitialState() {","    var _props = this.props;","    var defaultStyle = _props.defaultStyle;","    var style = _props.style;","","    var currentStyle = defaultStyle || _stripStyle2['default'](style);","    var currentVelocity = _mapToZero2['default'](currentStyle);","    return {","      currentStyle: currentStyle,","      currentVelocity: currentVelocity,","      lastIdealStyle: currentStyle,","      lastIdealVelocity: currentVelocity","    };","  },","","  wasAnimating: false,","  animationID: null,","  prevTime: 0,","  accumulatedTime: 0,","  // it's possible that currentStyle's value is stale: if props is immediately","  // changed from 0 to 400 to spring(0) again, the async currentStyle is still","  // at 0 (didn't have time to tick and interpolate even once). If we naively","  // compare currentStyle with destVal it'll be 0 === 0 (no animation, stop).","  // In reality currentStyle should be 400","  unreadPropStyle: null,","  // after checking for unreadPropStyle != null, we manually go set the","  // non-interpolating values (those that are a number, without a spring","  // config)","  clearUnreadPropStyle: function clearUnreadPropStyle(destStyle) {","    var dirty = false;","    var _state = this.state;","    var currentStyle = _state.currentStyle;","    var currentVelocity = _state.currentVelocity;","    var lastIdealStyle = _state.lastIdealStyle;","    var lastIdealVelocity = _state.lastIdealVelocity;","","    for (var key in destStyle) {","      if (!Object.prototype.hasOwnProperty.call(destStyle, key)) {","        continue;","      }","","      var styleValue = destStyle[key];","      if (typeof styleValue === 'number') {","        if (!dirty) {","          dirty = true;","          currentStyle = _extends({}, currentStyle);","          currentVelocity = _extends({}, currentVelocity);","          lastIdealStyle = _extends({}, lastIdealStyle);","          lastIdealVelocity = _extends({}, lastIdealVelocity);","        }","","        currentStyle[key] = styleValue;","        currentVelocity[key] = 0;","        lastIdealStyle[key] = styleValue;","        lastIdealVelocity[key] = 0;","      }","    }","","    if (dirty) {","      this.setState({ currentStyle: currentStyle, currentVelocity: currentVelocity, lastIdealStyle: lastIdealStyle, lastIdealVelocity: lastIdealVelocity });","    }","  },","","  startAnimationIfNecessary: function startAnimationIfNecessary() {","    var _this = this;","","    // TODO: when config is {a: 10} and dest is {a: 10} do we raf once and","    // call cb? No, otherwise accidental parent rerender causes cb trigger","    this.animationID = _raf2['default'](function (timestamp) {","      // check if we need to animate in the first place","      var propsStyle = _this.props.style;","      if (_shouldStopAnimation2['default'](_this.state.currentStyle, propsStyle, _this.state.currentVelocity)) {","        if (_this.wasAnimating && _this.props.onRest) {","          _this.props.onRest();","        }","","        // no need to cancel animationID here; shouldn't have any in flight","        _this.animationID = null;","        _this.wasAnimating = false;","        _this.accumulatedTime = 0;","        return;","      }","","      _this.wasAnimating = true;","","      var currentTime = timestamp || _performanceNow2['default']();","      var timeDelta = currentTime - _this.prevTime;","      _this.prevTime = currentTime;","      _this.accumulatedTime = _this.accumulatedTime + timeDelta;","      // more than 10 frames? prolly switched browser tab. Restart","      if (_this.accumulatedTime > msPerFrame * 10) {","        _this.accumulatedTime = 0;","      }","","      if (_this.accumulatedTime === 0) {","        // no need to cancel animationID here; shouldn't have any in flight","        _this.animationID = null;","        _this.startAnimationIfNecessary();","        return;","      }","","      var currentFrameCompletion = (_this.accumulatedTime - Math.floor(_this.accumulatedTime / msPerFrame) * msPerFrame) / msPerFrame;","      var framesToCatchUp = Math.floor(_this.accumulatedTime / msPerFrame);","","      var newLastIdealStyle = {};","      var newLastIdealVelocity = {};","      var newCurrentStyle = {};","      var newCurrentVelocity = {};","","      for (var key in propsStyle) {","        if (!Object.prototype.hasOwnProperty.call(propsStyle, key)) {","          continue;","        }","","        var styleValue = propsStyle[key];","        if (typeof styleValue === 'number') {","          newCurrentStyle[key] = styleValue;","          newCurrentVelocity[key] = 0;","          newLastIdealStyle[key] = styleValue;","          newLastIdealVelocity[key] = 0;","        } else {","          var newLastIdealStyleValue = _this.state.lastIdealStyle[key];","          var newLastIdealVelocityValue = _this.state.lastIdealVelocity[key];","          for (var i = 0; i < framesToCatchUp; i++) {","            var _stepper = _stepper4['default'](msPerFrame / 1000, newLastIdealStyleValue, newLastIdealVelocityValue, styleValue.val, styleValue.stiffness, styleValue.damping, styleValue.precision);","","            newLastIdealStyleValue = _stepper[0];","            newLastIdealVelocityValue = _stepper[1];","          }","","          var _stepper2 = _stepper4['default'](msPerFrame / 1000, newLastIdealStyleValue, newLastIdealVelocityValue, styleValue.val, styleValue.stiffness, styleValue.damping, styleValue.precision);","","          var nextIdealX = _stepper2[0];","          var nextIdealV = _stepper2[1];","","          newCurrentStyle[key] = newLastIdealStyleValue + (nextIdealX - newLastIdealStyleValue) * currentFrameCompletion;","          newCurrentVelocity[key] = newLastIdealVelocityValue + (nextIdealV - newLastIdealVelocityValue) * currentFrameCompletion;","          newLastIdealStyle[key] = newLastIdealStyleValue;","          newLastIdealVelocity[key] = newLastIdealVelocityValue;","        }","      }","","      _this.animationID = null;","      // the amount we're looped over above","      _this.accumulatedTime -= framesToCatchUp * msPerFrame;","","      _this.setState({","        currentStyle: newCurrentStyle,","        currentVelocity: newCurrentVelocity,","        lastIdealStyle: newLastIdealStyle,","        lastIdealVelocity: newLastIdealVelocity","      });","","      _this.unreadPropStyle = null;","","      _this.startAnimationIfNecessary();","    });","  },","","  componentDidMount: function componentDidMount() {","    this.prevTime = _performanceNow2['default']();","    this.startAnimationIfNecessary();","  },","","  componentWillReceiveProps: function componentWillReceiveProps(props) {","    if (this.unreadPropStyle != null) {","      // previous props haven't had the chance to be set yet; set them here","      this.clearUnreadPropStyle(this.unreadPropStyle);","    }","","    this.unreadPropStyle = props.style;","    if (this.animationID == null) {","      this.prevTime = _performanceNow2['default']();","      this.startAnimationIfNecessary();","    }","  },","","  componentWillUnmount: function componentWillUnmount() {","    if (this.animationID != null) {","      _raf2['default'].cancel(this.animationID);","      this.animationID = null;","    }","  },","","  render: function render() {","    var renderedChildren = this.props.children(this.state.currentStyle);","    return renderedChildren && _react2['default'].Children.only(renderedChildren);","  }","});","","exports['default'] = Motion;","module.exports = exports['default'];"],"l":{"3":1,"5":1,"7":7,"9":1,"11":1,"13":1,"15":1,"17":1,"19":1,"21":1,"23":1,"25":1,"27":1,"29":1,"31":1,"33":1,"35":1,"37":1,"39":1,"51":0,"52":0,"53":0,"55":0,"56":0,"57":0,"79":0,"80":0,"81":0,"82":0,"83":0,"84":0,"86":0,"87":0,"88":0,"91":0,"92":0,"93":0,"94":0,"95":0,"96":0,"97":0,"98":0,"101":0,"102":0,"103":0,"104":0,"108":0,"109":0,"114":0,"118":0,"120":0,"121":0,"122":0,"123":0,"127":0,"128":0,"129":0,"130":0,"133":0,"135":0,"136":0,"137":0,"138":0,"140":0,"141":0,"144":0,"146":0,"147":0,"148":0,"151":0,"152":0,"154":0,"155":0,"156":0,"157":0,"159":0,"160":0,"161":0,"164":0,"165":0,"166":0,"167":0,"168":0,"169":0,"171":0,"172":0,"173":0,"174":0,"176":0,"177":0,"180":0,"182":0,"183":0,"185":0,"186":0,"187":0,"188":0,"192":0,"194":0,"196":0,"203":0,"205":0,"210":0,"211":0,"215":0,"217":0,"220":0,"221":0,"222":0,"223":0,"228":0,"229":0,"230":0,"235":0,"236":0,"240":1,"241":1}},"/home/travis/build/npmtest/node-npmtest-react-motion/react-motion/lib/mapToZero.js":{"path":"/home/travis/build/npmtest/node-npmtest-react-motion/react-motion/lib/mapToZero.js","s":{"1":1,"2":1,"3":1,"4":0,"5":0,"6":0,"7":0,"8":0,"9":1},"b":{"1":[0,0]},"f":{"1":0},"fnMap":{"1":{"name":"mapToZero","line":9,"loc":{"start":{"line":9,"column":0},"end":{"line":9,"column":24}}}},"statementMap":{"1":{"start":{"line":6,"column":0},"end":{"line":6,"column":26}},"2":{"start":{"line":7,"column":0},"end":{"line":7,"column":31}},"3":{"start":{"line":9,"column":0},"end":{"line":17,"column":1}},"4":{"start":{"line":10,"column":2},"end":{"line":10,"column":15}},"5":{"start":{"line":11,"column":2},"end":{"line":15,"column":3}},"6":{"start":{"line":12,"column":4},"end":{"line":14,"column":5}},"7":{"start":{"line":13,"column":6},"end":{"line":13,"column":19}},"8":{"start":{"line":16,"column":2},"end":{"line":16,"column":13}},"9":{"start":{"line":19,"column":0},"end":{"line":19,"column":36}}},"branchMap":{"1":{"line":12,"type":"if","locations":[{"start":{"line":12,"column":4},"end":{"line":12,"column":4}},{"start":{"line":12,"column":4},"end":{"line":12,"column":4}}]}},"code":["","","// currently used to initiate the velocity style object to 0","'use strict';","","exports.__esModule = true;","exports['default'] = mapToZero;","","function mapToZero(obj) {","  var ret = {};","  for (var key in obj) {","    if (Object.prototype.hasOwnProperty.call(obj, key)) {","      ret[key] = 0;","    }","  }","  return ret;","}","","module.exports = exports['default'];"],"l":{"6":1,"7":1,"9":1,"10":0,"11":0,"12":0,"13":0,"16":0,"19":1}},"/home/travis/build/npmtest/node-npmtest-react-motion/react-motion/lib/stripStyle.js":{"path":"/home/travis/build/npmtest/node-npmtest-react-motion/react-motion/lib/stripStyle.js","s":{"1":1,"2":1,"3":1,"4":0,"5":0,"6":0,"7":0,"8":0,"9":0,"10":1},"b":{"1":[0,0],"2":[0,0]},"f":{"1":0},"fnMap":{"1":{"name":"stripStyle","line":10,"loc":{"start":{"line":10,"column":0},"end":{"line":10,"column":27}}}},"statementMap":{"1":{"start":{"line":7,"column":0},"end":{"line":7,"column":26}},"2":{"start":{"line":8,"column":0},"end":{"line":8,"column":32}},"3":{"start":{"line":10,"column":0},"end":{"line":19,"column":1}},"4":{"start":{"line":11,"column":2},"end":{"line":11,"column":15}},"5":{"start":{"line":12,"column":2},"end":{"line":17,"column":3}},"6":{"start":{"line":13,"column":4},"end":{"line":15,"column":5}},"7":{"start":{"line":14,"column":6},"end":{"line":14,"column":15}},"8":{"start":{"line":16,"column":4},"end":{"line":16,"column":76}},"9":{"start":{"line":18,"column":2},"end":{"line":18,"column":13}},"10":{"start":{"line":21,"column":0},"end":{"line":21,"column":36}}},"branchMap":{"1":{"line":13,"type":"if","locations":[{"start":{"line":13,"column":4},"end":{"line":13,"column":4}},{"start":{"line":13,"column":4},"end":{"line":13,"column":4}}]},"2":{"line":16,"type":"cond-expr","locations":[{"start":{"line":16,"column":48},"end":{"line":16,"column":58}},{"start":{"line":16,"column":61},"end":{"line":16,"column":75}}]}},"code":["","// turn {x: {val: 1, stiffness: 1, damping: 2}, y: 2} generated by","
[...]
t of styles, each containing interpolating values. Part of what's passed","// to children function. Notice that this is","// Array<ActualInterpolatingStyleObject>, without the wrapper that is {key: ...,","// data: ... style: ActualInterpolatingStyleObject}. Only mergedPropsStyles","// contains the key & data info (so that we only have a single source of truth","// for these, and to save space). Check the comment for `rehydrateStyles` to","// see how we regenerate the entirety of what's passed to children function","","// the array that keeps track of currently rendered stuff! Including stuff","// that you've unmounted but that's still animating. This is where it lives"],"l":{"3":1,"5":1,"7":8,"9":1,"11":1,"13":1,"15":1,"17":1,"19":1,"21":1,"23":1,"25":1,"27":1,"29":1,"31":1,"33":1,"35":1,"37":1,"39":1,"41":1,"50":1,"53":0,"54":0,"55":0,"56":0,"63":0,"64":0,"65":0,"66":0,"73":0,"77":1,"78":0,"79":0,"82":0,"83":0,"84":0,"91":0,"92":0,"93":0,"97":0,"115":1,"116":0,"117":0,"118":0,"119":0,"120":0,"122":0,"123":0,"124":0,"126":0,"129":0,"130":0,"131":0,"132":0,"133":0,"134":0,"135":0,"136":0,"137":0,"138":0,"139":0,"143":0,"144":0,"145":0,"146":0,"148":0,"149":0,"150":0,"152":0,"153":0,"154":0,"155":0,"159":0,"162":1,"183":1,"185":0,"190":0,"197":0,"198":0,"199":0,"200":0,"201":0,"202":0,"204":0,"210":0,"211":0,"212":0,"214":0,"216":0,"217":0,"218":0,"221":0,"224":0,"225":0,"227":0,"229":0,"230":0,"232":0,"235":0,"242":0,"243":0,"244":0,"245":0,"246":0,"249":0,"272":0,"274":0,"275":0,"276":0,"277":0,"278":0,"280":0,"281":0,"282":0,"284":0,"285":0,"286":0,"289":0,"290":0,"291":0,"292":0,"293":0,"294":0,"295":0,"296":0,"297":0,"303":0,"304":0,"305":0,"306":0,"307":0,"315":0,"325":0,"327":0,"328":0,"332":0,"333":0,"334":0,"337":0,"339":0,"340":0,"341":0,"344":0,"345":0,"346":0,"347":0,"349":0,"350":0,"353":0,"355":0,"356":0,"357":0,"360":0,"361":0,"363":0,"365":0,"366":0,"367":0,"368":0,"369":0,"371":0,"372":0,"373":0,"374":0,"375":0,"376":0,"378":0,"379":0,"380":0,"383":0,"384":0,"385":0,"386":0,"387":0,"388":0,"390":0,"391":0,"392":0,"393":0,"395":0,"396":0,"399":0,"401":0,"402":0,"404":0,"405":0,"406":0,"407":0,"411":0,"412":0,"413":0,"414":0,"417":0,"419":0,"421":0,"429":0,"431":0,"436":0,"437":0,"441":0,"443":0,"446":0,"447":0,"448":0,"450":0,"453":0,"454":0,"455":0,"460":0,"461":0,"462":0,"463":0,"468":0,"469":0,"470":0,"474":1,"475":1}},"/home/travis/build/npmtest/node-npmtest-react-motion/react-motion/lib/mergeDiff.js":{"path":"/home/travis/build/npmtest/node-npmtest-react-motion/react-motion/lib/mergeDiff.js","s":{"1":1,"2":1,"3":1,"4":0,"5":0,"6":0,"7":0,"8":0,"9":0,"10":0,"11":0,"12":0,"13":0,"14":0,"15":0,"16":0,"17":0,"18":0,"19":0,"20":0,"21":0,"22":0,"23":0,"24":0,"25":0,"26":0,"27":0,"28":0,"29":0,"30":0,"31":0,"32":0,"33":0,"34":0,"35":0,"36":0,"37":0,"38":0,"39":0,"40":0,"41":0,"42":0,"43":0,"44":0,"45":0,"46":1},"b":{"1":[0,0],"2":[0,0],"3":[0,0],"4":[0,0],"5":[0,0],"6":[0,0],"7":[0,0],"8":[0,0],"9":[0,0],"10":[0,0],"11":[0,0],"12":[0,0],"13":[0,0],"14":[0,0],"15":[0,0],"16":[0,0],"17":[0,0]},"f":{"1":0,"2":0},"fnMap":{"1":{"name":"mergeDiff","line":24,"loc":{"start":{"line":24,"column":0},"end":{"line":24,"column":41}}},"2":{"name":"(anonymous_2)","line":56,"loc":{"start":{"line":56,"column":18},"end":{"line":56,"column":34}}}},"statementMap":{"1":{"start":{"line":21,"column":0},"end":{"line":21,"column":26}},"2":{"start":{"line":22,"column":0},"end":{"line":22,"column":31}},"3":{"start":{"line":24,"column":0},"end":{"line":105,"column":1}},"4":{"start":{"line":28,"column":2},"end":{"line":28,"column":24}},"5":{"start":{"line":29,"column":2},"end":{"line":31,"column":3}},"6":{"start":{"line":30,"column":4},"end":{"line":30,"column":34}},"7":{"start":{"line":32,"column":2},"end":{"line":32,"column":24}},"8":{"start":{"line":33,"column":2},"end":{"line":35,"column":3}},"9":{"start":{"line":34,"column":4},"end":{"line":34,"column":34}},"10":{"start":{"line":40,"column":2},"end":{"line":40,"column":15}},"11":{"start":{"line":41,"column":2},"end":{"line":43,"column":3}},"12":{"start":{"line":42,"column":4},"end":{"line":42,"column":21}},"13":{"start":{"line":44,"column":2},"end":{"line":53,"column":3}},"14":{"start":{"line":45,"column":4},"end":{"line":52,"column":5}},"15":{"start":{"line":48,"column":6},"end":{"line":48,"column":38}},"16":{"start":{"line":49,"column":6},"end":{"line":51,"column":7}},"17":{"start":{"line":50,"column":8},"end":{"line":50,"column":23}},"18":{"start":{"line":56,"column":2},"end":{"line":104,"column":5}},"19":{"start":{"line":57,"column":4},"end":{"line":57,"column":41}},"20":{"start":{"line":58,"column":4},"end":{"line":58,"column":41}},"21":{"start":{"line":59,"column":4},"end":{"line":59,"column":41}},"22":{"start":{"line":60,"column":4},"end":{"line":60,"column":41}},"23":{"start":{"line":62,"column":4},"end":{"line":89,"column":5}},"24":{"start":{"line":64,"column":6},"end":{"line":64,"column":55}},"25":{"start":{"line":65,"column":11},"end":{"line":89,"column":5}},"26":{"start":{"line":67,"column":6},"end":{"line":67,"column":55}},"27":{"start":{"line":68,"column":11},"end":{"line":89,"column":5}},"28":{"start":{"line":75,"column":6},"end":{"line":86,"column":7}},"29":{"start":{"line":76,"column":8},"end":{"line":76,"column":32}},"30":{"start":{"line":77,"column":8},"end":{"line":79,"column":9}},"31":{"start":{"line":78,"column":10},"end":{"line":78,"column":19}},"32":{"start":{"line":81,"column":8},"end":{"line":85,"column":9}},"33":{"start":{"line":82,"column":10},"end":{"line":82,"column":20}},"34":{"start":{"line":83,"column":15},"end":{"line":85,"column":9}},"35":{"start":{"line":84,"column":10},"end":{"line":84,"column":19}},"36":{"start":{"line":88,"column":6},"end":{"line":88,"column":15}},"37":{"start":{"line":91,"column":4},"end":{"line":101,"column":5}},"38":{"start":{"line":92,"column":6},"end":{"line":92,"column":30}},"39":{"start":{"line":93,"column":6},"end":{"line":95,"column":7}},"40":{"start":{"line":94,"column":8},"end":{"line":94,"column":17}},"41":{"start":{"line":96,"column":6},"end":{"line":100,"column":7}},"42":{"start":{"line":97,"column":8},"end":{"line":97,"column":17}},"43":{"start":{"line":98,"column":13},"end":{"line":100,"column":7}},"44":{"start":{"line":99,"column":8},"end":{"line":99,"column":18}},"45":{"start":{"line":103,"column":4},"end":{"line":103,"column":14}},"46":{"start":{"line":107,"column":0},"end":{"line":107,"column":36}}},"branchMap":{"1":{"line":45,"type":"if","locations":[{"start":{"line":45,"column":4},"end":{"line":45,"column":4}},{"start":{"line":45,"column":4},"end":{"line":45,"column":4}}]},"2":{"line":49,"type":"if","locations":[{"start":{"line":49,"column":6},"end":{"line":49,"column":6}},{"start":{"line":49,"column":6},"end":{"line":49,"column":6}}]},"3":{"line":62,"type":"if","locations":[{"start":{"line":62,"column":4},"end":{"line":62,"column":4}},{"start":{"line":62,"column":4},"end":{"line":62,"column":4}}]},"4":{"line":62,"type":"binary-expr","locations":[{"start":{"line":62,"column":8},"end":{"line":62,"column":26}},{"start":{"line":62,"column":30},"end":{"line":62,"column":48}}]},"5":{"line":65,"type":"if","locations":[{"start":{"line":65,"column":11},"end":{"line":65,"column":11}},{"start":{"line":65,"column":11},"end":{"line":65,"column":11}}]},"6":{"line":65,"type":"binary-expr","locations":[{"start":{"line":65,"column":15},"end":{"line":65,"column":33}},{"start":{"line":65,"column":37},"end":{"line":65,"column":55}}]},"7":{"line":68,"type":"if","locations":[{"start":{"line":68,"column":11},"end":{"line":68,"column":11}},{"start":{"line":68,"column":11},"end":{"line":68,"column":11}}]},"8":{"line":77,"type":"if","locations":[{"start":{"line":77,"column":8},"end":{"line":77,"column":8}},{"start":{"line":77,"column":8},"end":{"line":77,"column":8}}]},"9":{"line":81,"type":"if","locations":[{"start":{"line":81,"column":8},"end":{"line":81,"column":8}},{"start":{"line":81,"column":8},"end":{"line":81,"column":8}}]},"10":{"line":81,"type":"binary-expr","locations":[{"start":{"line":81,"column":12},"end":{"line":81,"column":44}},{"start":{"line":81,"column":48},"end":{"line":81,"column":80}}]},"11":{"line":83,"type":"if","locations":[{"start":{"line":83,"column":15},"end":{"line":83,"column":15}},{"start":{"line":83,"column":15},"end":{"line":83,"column":15}}]},"12":{"line":83,"type":"binary-expr","locations":[{"start":{"line":83,"column":19},"end":{"line":83,"column":51}},{"start":{"line":83,"column":55},"end":{"line":83,"column":87}}]},"13":{"line":93,"type":"if","locations":[{"start":{"line":93,"column":6},"end":{"line":93,"column":6}},{"start":{"line":93,"column":6},"end":{"line":93,"column":6}}]},"14":{"line":96,"type":"if","locations":[{"start":{"line":96,"column":6},"end":{"line":96,"column":6}},{"start":{"line":96,"column":6},"end":{"line":96,"column":6}}]},"15":{"line":96,"type":"binary-expr","locations":[{"start":{"line":96,"column":10},"end":{"line":96,"column":42}},{"start":{"line":96,"column":46},"end":{"line":96,"column":78}}]},"16":{"line":98,"type":"if","locations":[{"start":{"line":98,"column":13},"end":{"line":98,"column":13}},{"start":{"line":98,"column":13},"end":{"line":98,"column":13}}]},"17":{"line":98,"type":"binary-expr","locations":[{"start":{"line":98,"column":17},"end":{"line":98,"column":49}},{"start":{"line":98,"column":53},"end":{"line":98,"column":85}}]}},"code":["","","// core keys merging algorithm. If previous render's keys are [a, b], and the","// next render's [c, b, d], what's the final merged keys and ordering?","","// - c and a must both be before b","// - b before d","// - ordering between a and c ambiguous","","// this reduces to merging two partially ordered lists (e.g. lists where not","// every item has a definite ordering, like comparing a and c above). For the","// ambiguous ordering we deterministically choose to place the next render's","// item after the previous'; so c after a","","// this is called a topological sorting. Except the existing algorithms don't","// work well with js bc of the amount of allocation, and isn't optimized for our","// current use-case bc the runtime is linear in terms of edges (see wiki for","// meaning), which is huge when two lists have many common elements","'use strict';","","exports.__esModule = true;","exports['default'] = mergeDiff;","","function mergeDiff(prev, next, onRemove) {","  // bookkeeping for easier access of a key's index below. This is 2 allocations +","  // potentially triggering chrome hash map mode for objs (so it might be faster","","  var prevKeyIndex = {};","  for (var i = 0; i < prev.length; i++) {","    prevKeyIndex[prev[i].key] = i;","  }","  var nextKeyIndex = {};","  for (var i = 0; i < next.length; i++) {","    nextKeyIndex[next[i].key] = i;","  }","","  // first, an overly elaborate way of merging prev and next, eliminating","  // duplicates (in terms of keys). If there's dupe, keep the item in next).","  // This way of writing it saves allocations","  var ret = [];","  for (var i = 0; i < next.length; i++) {","    ret[i] = next[i];","  }","  for (var i = 0; i < prev.length; i++) {","    if (!Object.prototype.hasOwnProperty.call(nextKeyIndex, prev[i].key)) {","      // this is called my TM's `mergeAndSync`, which calls willLeave. We don't","      // merge in keys that the user desires to kill","      var fill = onRemove(i, prev[i]);","      if (fill != null) {","        ret.push(fill);","      }","    }","  }","","  // now all the items all present. Core sorting logic to have the right order","  return ret.sort(function (a, b) {","    var nextOrderA = nextKeyIndex[a.key];","    var nextOrderB = nextKeyIndex[b.key];","    var prevOrderA = prevKeyIndex[a.key];","    var prevOrderB = prevKeyIndex[b.key];","","    if (nextOrderA != null && nextOrderB != null) {","      // both keys in next","      return nextKeyIndex[a.key] - nextKeyIndex[b.key];","    } else if (prevOrderA != null && prevOrderB != null) {","      // both keys in prev","      return prevKeyIndex[a.key] - prevKeyIndex[b.key];","    } else if (nextOrderA != null) {","      // key a in next, key b in prev","","      // how to determine the order between a and b? We find a \"pivot\" (term","      // abuse), a key present in both prev and next, that is sandwiched between","      // a and b. In the context of our above example, if we're comparing a and","      // d, b's (the only) pivot","      for (var i = 0; i < next.length; i++) {","        var pivot = next[i].key;","        if (!Object.prototype.hasOwnProperty.call(prevKeyIndex, pivot)) {","          continue;","        }","","        if (nextOrderA < nextKeyIndex[pivot] && prevOrderB > prevKeyIndex[pivot]) {","          return -1;","        } else if (nextOrderA > nextKeyIndex[pivot] && prevOrderB < prevKeyIndex[pivot]) {","          return 1;","        }","      }","      // pluggable. default to: next bigger than prev","      return 1;","    }","    // prevOrderA, nextOrderB","    for (var i = 0; i < next.length; i++) {","      var pivot = next[i].key;","      if (!Object.prototype.hasOwnProperty.call(prevKeyIndex, pivot)) {","        continue;","      }","      if (nextOrderB < nextKeyIndex[pivot] && prevOrderA > prevKeyIndex[pivot]) {","        return 1;","      } else if (nextOrderB > nextKeyIndex[pivot] && prevOrderA < prevKeyIndex[pivot]) {","        return -1;","      }","    }","    // pluggable. default to: next bigger than prev","    return -1;","  });","}","","module.exports = exports['default'];","// to loop through and find a key's index each time), but I no longer care"],"l":{"21":1,"22":1,"24":1,"28":0,"29":0,"30":0,"32":0,"33":0,"34":0,"40":0,"41":0,"42":0,"44":0,"45":0,"48":0,"49":0,"50":0,"56":0,"57":0,"58":0,"59":0,"60":0,"62":0,"64":0,"65":0,"67":0,"68":0,"75":0,"76":0,"77":0,"78":0,"81":0,"82":0,"83":0,"84":0,"88":0,"91":0,"92":0,"93":0,"94":0,"96":0,"97":0,"98":0,"99":0,"103":0,"107":1}},"/home/travis/build/npmtest/node-npmtest-react-motion/react-motion/lib/spring.js":{"path":"/home/travis/build/npmtest/node-npmtest-react-motion/react-motion/lib/spring.js","s":{"1":1,"2":1,"3":0,"4":0,"5":0,"6":0,"7":0,"8":0,"9":1,"10":1,"11":1,"12":1,"13":1,"14":1,"15":1,"16":0,"17":1},"b":{"1":[1,0],"2":[0,0],"3":[0,1],"4":[1,1]},"f":{"1":0,"2":1,"3":0},"fnMap":{"1":{"name":"(anonymous_1)","line":5,"loc":{"start":{"line":5,"column":32},"end":{"line":5,"column":50}}},"2":{"name":"_interopRequireDefault","line":9,"loc":{"start":{"line":9,"column":0},"end":{"line":9,"column":37}}},"3":{"name":"spring","line":19,"loc":{"start":{"line":19,"column":0},"end":{"line":19,"column":29}}}},"statementMap":{"1":{"start":{"line":3,"column":0},"end":{"line":3,"column":26}},"2":{"start":{"line":5,"column":0},"end":{"line":5,"column":257}},"3":{"start":{"line":5,"column":52},"end":{"line":5,"column":239}},"4":{"start":{"line":5,"column":97},"end":{"line":5,"column":123}},"5":{"start":{"line":5,"column":124},"end":{"line":5,"column":237}},"6":{"start":{"line":5,"column":150},"end":{"line":5,"column":235}},"7":{"start":{"line":5,"column":207},"end":{"line":5,"column":233}},"8":{"start":{"line":5,"column":240},"end":{"line":5,"column":254}},"9":{"start":{"line":7,"column":0},"end":{"line":7,"column":28}},"10":{"start":{"line":9,"column":0},"end":{"line":9,"column":97}},"11":{"start":{"line":9,"column":39},"end":{"line":9,"column":95}},"12":{"start":{"line":11,"column":0},"end":{"line":11,"column":36}},"13":{"start":{"line":13,"column":0},"end":{"line":13,"column":49}},"14":{"start":{"line":15,"column":0},"end":{"line":17,"column":3}},"15":{"start":{"line":19,"column":0},"end":{"line":21,"column":1}},"16":{"start":{"line":20,"column":2},"end":{"line":20,"column":59}},"17":{"start":{"line":23,"column":0},"end":{"line":23,"column":36}}},"branchMap":{"1":{"line":5,"type":"binary-expr","locations":[{"start":{"line":5,"column":15},"end":{"line":5,"column":28}},{"start":{"line":5,"column":32},"end":{"line":5,"column":256}}]},"2":{"line":5,"type":"if","locations":[{"start":{"line":5,"column":150},"end":{"line":5,"column":150}},{"start":{"line":5,"column":150},"end":{"line":5,"column":150}}]},"3":{"line":9,"type":"cond-expr","locations":[{"start":{"line":9,"column":70},"end":{"line":9,"column":73}},{"start":{"line":9,"column":76},"end":{"line":9,"column":94}}]},"4":{"line":9,"type":"binary-expr","locations":[{"start":{"line":9,"column":46},"end":{"line":9,"column":49}},{"start":{"line":9,"column":53},"end":{"line":9,"column":67}}]}},"code":["'use strict';","","exports.__esModule = true;","","var _extends = Object.assign || function (target) { for (var i = 1; i < arguments.length; i++) { var source = arguments[i]; for (var key in source) { if (Object.prototype.hasOwnProperty.call(source, key)) { target[key] = source[key]; } } } return target; };","","exports['default'] = spring;","","function _interopRequireDefault(obj) { return obj && obj.__esModule ? obj : { 'default': obj }; }","","var _presets = require('./presets');","","var _presets2 = _interopRequireDefault(_presets);","","var defaultConfig = _extends({}, _presets2['default'].noWobble, {","  precision: 0.01","});","","function spring(val, config) {","  return _extends({}, defaultConfig, config, { val: val });","}","","module.exports = exports['default'];"],"l":{"3":1,"5":1,"7":1,"9":1,"11":1,"13":1,"15":1,"19":1,"20":0,"23":1}},"/home/travis/build/npmtest/node-npmtest-react-motion/react-motion/lib/presets.js":{"path":"/home/travis/build/npmtest/node-npmtest-react-motion/react-motion/lib/presets.js","s":{"1":1,"2":1,"3":1},"b":{},"f":{},"fnMap":{},"statementMap":{"1":{"start":{"line":3,"column":0},"end":{"line":3,"column":26}},"2":{"start":{"line":4,"column":0},"end":{"line":9,"column":2}},"3":{"start":{"line":10,"column":0},"end":{"line":10,"column":36}}},"branchMap":{},"code":["\"use strict\";","","exports.__esModule = true;","exports[\"default\"] = {","  noWobble: { stiffness: 170, damping: 26 }, // the default, if nothing provided","  gentle: { stiffness: 120, damping: 14 },","  wobbly: { stiffness: 180, damping: 12 },","  stiff: { stiffness: 210, damping: 20 }","};","module.exports = exports[\"default\"];"],"l":{"3":1,"4":1,"10":1}},"/home/travis/build/npmtest/node-npmtest-react-motion/react-motion/lib/reorderKeys.js":{"path":"/home/travis/build/npmtest/node-npmtest-react-motion/react-motion/lib/reorderKeys.js","s":{"1":1,"2":1,"3":1,"4":1,"5":0,"6":0,"7":0,"8":0,"9":1},"b":{"1":[0,0],"2":[0,0]},"f":{"1":0},"fnMap":{"1":{"name":"reorderKeys","line":8,"loc":{"start":{"line":8,"column":0},"end":{"line":8,"column":23}}}},"statementMap":{"1":{"start":{"line":3,"column":0},"end":{"line":3,"column":26}},"2":{"start":{"line":4,"column":0},"end":{"line":4,"column":33}},"3":{"start":{"line":6,"column":0},"end":{"line":6,"column":22}},"4":{"start":{"line":8,"column":0},"end":{"line":15,"column":1}},"5":{"start":{"line":9,"column":2},"end":{"line":14,"column":3}},"6":{"start":{"line":10,"column":4},"end":{"line":13,"column":5}},"7":{"start":{"line":11,"column":6},"end":{"line":11,"column":23}},"8":{"start":{"line":12,"column":6},"end":{"line":12,"column":130}},"9":{"start":{"line":17,"column":0},"end":{"line":17,"column":36}}},"branchMap":{"1":{"line":9,"type":"if","locations":[{"start":{"line":9,"column":2},"end":{"line":9,"column":2}},{"start":{"line":9,"column":2},"end":{"line":9,"column":2}}]},"2":{"line":10,"type":"if","locations":[{"start":{"line":10,"column":4},"end":{"line":10,"column":4}},{"start":{"line":10,"column":4},"end":{"line":10,"column":4}}]}},"code":["'use strict';","","exports.__esModule = true;","exports['default'] = reorderKeys;","","var hasWarned = false;","","function reorderKeys() {","  if (process.env.NODE_ENV === 'development') {","    if (!hasWarned) {","      hasWarned = true;","      console.error('`reorderKeys` has been removed, since it is no longer needed for TransitionMotion\\'s new styles array API.');","    }","  }","}","","module.exports = exports['default'];"],"l":{"3":1,"4":1,"6":1,"8":1,"9":0,"10":0,"11":0,"12":0,"17":1}}}